<?xml version="1.0" encoding="UTF-8"?>
<testsuite name="org.swiggy.TournamentTest" tests="1" skipped="0" failures="1" errors="0" timestamp="2024-02-08T11:28:48" hostname="C02X56KFJG5H" time="2.247">
  <properties/>
  <testcase name="testPlayWithMultiplePlayers_playsAllRoundsSuccessfully()" classname="org.swiggy.TournamentTest" time="2.247">
    <failure message="org.mockito.exceptions.verification.TooManyActualInvocations: &#10;copyKittenPlayer.makeDecision();&#10;Wanted 5 times:&#10;-&gt; at org.swiggy.CopyKittenPlayer.makeDecision(CopyKittenPlayer.java:8)&#10;But was 30 times:&#10;-&gt; at org.swiggy.TrustTransaction.processPlayerDecisions(TrustTransaction.java:14)&#10;-&gt; at org.swiggy.TrustTransaction.processPlayerDecisions(TrustTransaction.java:14)&#10;-&gt; at org.swiggy.TrustTransaction.processPlayerDecisions(TrustTransaction.java:14)&#10;-&gt; at org.swiggy.TrustTransaction.processPlayerDecisions(TrustTransaction.java:14)&#10;-&gt; at org.swiggy.TrustTransaction.processPlayerDecisions(TrustTransaction.java:14)&#10;-&gt; at org.swiggy.TrustTransaction.processPlayerDecisions(TrustTransaction.java:14)&#10;-&gt; at org.swiggy.TrustTransaction.processPlayerDecisions(TrustTransaction.java:14)&#10;-&gt; at org.swiggy.TrustTransaction.processPlayerDecisions(TrustTransaction.java:14)&#10;-&gt; at org.swiggy.TrustTransaction.processPlayerDecisions(TrustTransaction.java:14)&#10;-&gt; at org.swiggy.TrustTransaction.processPlayerDecisions(TrustTransaction.java:14)&#10;-&gt; at org.swiggy.TrustTransaction.processPlayerDecisions(TrustTransaction.java:14)&#10;-&gt; at org.swiggy.TrustTransaction.processPlayerDecisions(TrustTransaction.java:14)&#10;-&gt; at org.swiggy.TrustTransaction.processPlayerDecisions(TrustTransaction.java:14)&#10;-&gt; at org.swiggy.TrustTransaction.processPlayerDecisions(TrustTransaction.java:14)&#10;-&gt; at org.swiggy.TrustTransaction.processPlayerDecisions(TrustTransaction.java:14)&#10;-&gt; at org.swiggy.TrustTransaction.processPlayerDecisions(TrustTransaction.java:14)&#10;-&gt; at org.swiggy.TrustTransaction.processPlayerDecisions(TrustTransaction.java:14)&#10;-&gt; at org.swiggy.TrustTransaction.processPlayerDecisions(TrustTransaction.java:14)&#10;-&gt; at org.swiggy.TrustTransaction.processPlayerDecisions(TrustTransaction.java:14)&#10;-&gt; at org.swiggy.TrustTransaction.processPlayerDecisions(TrustTransaction.java:14)&#10;-&gt; at org.swiggy.TrustTransaction.processPlayerDecisions(TrustTransaction.java:14)&#10;-&gt; at org.swiggy.TrustTransaction.processPlayerDecisions(TrustTransaction.java:14)&#10;-&gt; at org.swiggy.TrustTransaction.processPlayerDecisions(TrustTransaction.java:14)&#10;-&gt; at org.swiggy.TrustTransaction.processPlayerDecisions(TrustTransaction.java:14)&#10;-&gt; at org.swiggy.TrustTransaction.processPlayerDecisions(TrustTransaction.java:14)&#10;-&gt; at org.swiggy.TrustTransaction.processPlayerDecisions(TrustTransaction.java:13)&#10;-&gt; at org.swiggy.TrustTransaction.processPlayerDecisions(TrustTransaction.java:13)&#10;-&gt; at org.swiggy.TrustTransaction.processPlayerDecisions(TrustTransaction.java:13)&#10;-&gt; at org.swiggy.TrustTransaction.processPlayerDecisions(TrustTransaction.java:13)&#10;-&gt; at org.swiggy.TrustTransaction.processPlayerDecisions(TrustTransaction.java:13)&#10;&#10;" type="org.mockito.exceptions.verification.TooManyActualInvocations">org.mockito.exceptions.verification.TooManyActualInvocations: 
copyKittenPlayer.makeDecision();
Wanted 5 times:
-&gt; at org.swiggy.CopyKittenPlayer.makeDecision(CopyKittenPlayer.java:8)
But was 30 times:
-&gt; at org.swiggy.TrustTransaction.processPlayerDecisions(TrustTransaction.java:14)
-&gt; at org.swiggy.TrustTransaction.processPlayerDecisions(TrustTransaction.java:14)
-&gt; at org.swiggy.TrustTransaction.processPlayerDecisions(TrustTransaction.java:14)
-&gt; at org.swiggy.TrustTransaction.processPlayerDecisions(TrustTransaction.java:14)
-&gt; at org.swiggy.TrustTransaction.processPlayerDecisions(TrustTransaction.java:14)
-&gt; at org.swiggy.TrustTransaction.processPlayerDecisions(TrustTransaction.java:14)
-&gt; at org.swiggy.TrustTransaction.processPlayerDecisions(TrustTransaction.java:14)
-&gt; at org.swiggy.TrustTransaction.processPlayerDecisions(TrustTransaction.java:14)
-&gt; at org.swiggy.TrustTransaction.processPlayerDecisions(TrustTransaction.java:14)
-&gt; at org.swiggy.TrustTransaction.processPlayerDecisions(TrustTransaction.java:14)
-&gt; at org.swiggy.TrustTransaction.processPlayerDecisions(TrustTransaction.java:14)
-&gt; at org.swiggy.TrustTransaction.processPlayerDecisions(TrustTransaction.java:14)
-&gt; at org.swiggy.TrustTransaction.processPlayerDecisions(TrustTransaction.java:14)
-&gt; at org.swiggy.TrustTransaction.processPlayerDecisions(TrustTransaction.java:14)
-&gt; at org.swiggy.TrustTransaction.processPlayerDecisions(TrustTransaction.java:14)
-&gt; at org.swiggy.TrustTransaction.processPlayerDecisions(TrustTransaction.java:14)
-&gt; at org.swiggy.TrustTransaction.processPlayerDecisions(TrustTransaction.java:14)
-&gt; at org.swiggy.TrustTransaction.processPlayerDecisions(TrustTransaction.java:14)
-&gt; at org.swiggy.TrustTransaction.processPlayerDecisions(TrustTransaction.java:14)
-&gt; at org.swiggy.TrustTransaction.processPlayerDecisions(TrustTransaction.java:14)
-&gt; at org.swiggy.TrustTransaction.processPlayerDecisions(TrustTransaction.java:14)
-&gt; at org.swiggy.TrustTransaction.processPlayerDecisions(TrustTransaction.java:14)
-&gt; at org.swiggy.TrustTransaction.processPlayerDecisions(TrustTransaction.java:14)
-&gt; at org.swiggy.TrustTransaction.processPlayerDecisions(TrustTransaction.java:14)
-&gt; at org.swiggy.TrustTransaction.processPlayerDecisions(TrustTransaction.java:14)
-&gt; at org.swiggy.TrustTransaction.processPlayerDecisions(TrustTransaction.java:13)
-&gt; at org.swiggy.TrustTransaction.processPlayerDecisions(TrustTransaction.java:13)
-&gt; at org.swiggy.TrustTransaction.processPlayerDecisions(TrustTransaction.java:13)
-&gt; at org.swiggy.TrustTransaction.processPlayerDecisions(TrustTransaction.java:13)
-&gt; at org.swiggy.TrustTransaction.processPlayerDecisions(TrustTransaction.java:13)


	at app//org.swiggy.CopyKittenPlayer.makeDecision(CopyKittenPlayer.java:8)
	at app//org.swiggy.TournamentTest.testPlayWithMultiplePlayers_playsAllRoundsSuccessfully(TournamentTest.java:107)
	at java.base@21.0.2/jdk.internal.reflect.DirectMethodHandleAccessor.invoke(DirectMethodHandleAccessor.java:103)
	at java.base@21.0.2/java.lang.reflect.Method.invoke(Method.java:580)
	at app//org.junit.platform.commons.util.ReflectionUtils.invokeMethod(ReflectionUtils.java:727)
	at app//org.junit.jupiter.engine.execution.MethodInvocation.proceed(MethodInvocation.java:60)
	at app//org.junit.jupiter.engine.execution.InvocationInterceptorChain$ValidatingInvocation.proceed(InvocationInterceptorChain.java:131)
	at app//org.junit.jupiter.engine.extension.TimeoutExtension.intercept(TimeoutExtension.java:156)
	at app//org.junit.jupiter.engine.extension.TimeoutExtension.interceptTestableMethod(TimeoutExtension.java:147)
	at app//org.junit.jupiter.engine.extension.TimeoutExtension.interceptTestMethod(TimeoutExtension.java:86)
	at app//org.junit.jupiter.engine.execution.InterceptingExecutableInvoker$ReflectiveInterceptorCall.lambda$ofVoidMethod$0(InterceptingExecutableInvoker.java:103)
	at app//org.junit.jupiter.engine.execution.InterceptingExecutableInvoker.lambda$invoke$0(InterceptingExecutableInvoker.java:93)
	at app//org.junit.jupiter.engine.execution.InvocationInterceptorChain$InterceptedInvocation.proceed(InvocationInterceptorChain.java:106)
	at app//org.junit.jupiter.engine.execution.InvocationInterceptorChain.proceed(InvocationInterceptorChain.java:64)
	at app//org.junit.jupiter.engine.execution.InvocationInterceptorChain.chainAndInvoke(InvocationInterceptorChain.java:45)
	at app//org.junit.jupiter.engine.execution.InvocationInterceptorChain.invoke(InvocationInterceptorChain.java:37)
	at app//org.junit.jupiter.engine.execution.InterceptingExecutableInvoker.invoke(InterceptingExecutableInvoker.java:92)
	at app//org.junit.jupiter.engine.execution.InterceptingExecutableInvoker.invoke(InterceptingExecutableInvoker.java:86)
	at app//org.junit.jupiter.engine.descriptor.TestMethodTestDescriptor.lambda$invokeTestMethod$7(TestMethodTestDescriptor.java:217)
	at app//org.junit.platform.engine.support.hierarchical.ThrowableCollector.execute(ThrowableCollector.java:73)
	at app//org.junit.jupiter.engine.descriptor.TestMethodTestDescriptor.invokeTestMethod(TestMethodTestDescriptor.java:213)
	at app//org.junit.jupiter.engine.descriptor.TestMethodTestDescriptor.execute(TestMethodTestDescriptor.java:138)
	at app//org.junit.jupiter.engine.descriptor.TestMethodTestDescriptor.execute(TestMethodTestDescriptor.java:68)
	at app//org.junit.platform.engine.support.hierarchical.NodeTestTask.lambda$executeRecursively$6(NodeTestTask.java:151)
	at app//org.junit.platform.engine.support.hierarchical.ThrowableCollector.execute(ThrowableCollector.java:73)
	at app//org.junit.platform.engine.support.hierarchical.NodeTestTask.lambda$executeRecursively$8(NodeTestTask.java:141)
	at app//org.junit.platform.engine.support.hierarchical.Node.around(Node.java:137)
	at app//org.junit.platform.engine.support.hierarchical.NodeTestTask.lambda$executeRecursively$9(NodeTestTask.java:139)
	at app//org.junit.platform.engine.support.hierarchical.ThrowableCollector.execute(ThrowableCollector.java:73)
	at app//org.junit.platform.engine.support.hierarchical.NodeTestTask.executeRecursively(NodeTestTask.java:138)
	at app//org.junit.platform.engine.support.hierarchical.NodeTestTask.execute(NodeTestTask.java:95)
	at java.base@21.0.2/java.util.ArrayList.forEach(ArrayList.java:1596)
	at app//org.junit.platform.engine.support.hierarchical.SameThreadHierarchicalTestExecutorService.invokeAll(SameThreadHierarchicalTestExecutorService.java:41)
	at app//org.junit.platform.engine.support.hierarchical.NodeTestTask.lambda$executeRecursively$6(NodeTestTask.java:155)
	at app//org.junit.platform.engine.support.hierarchical.ThrowableCollector.execute(ThrowableCollector.java:73)
	at app//org.junit.platform.engine.support.hierarchical.NodeTestTask.lambda$executeRecursively$8(NodeTestTask.java:141)
	at app//org.junit.platform.engine.support.hierarchical.Node.around(Node.java:137)
	at app//org.junit.platform.engine.support.hierarchical.NodeTestTask.lambda$executeRecursively$9(NodeTestTask.java:139)
	at app//org.junit.platform.engine.support.hierarchical.ThrowableCollector.execute(ThrowableCollector.java:73)
	at app//org.junit.platform.engine.support.hierarchical.NodeTestTask.executeRecursively(NodeTestTask.java:138)
	at app//org.junit.platform.engine.support.hierarchical.NodeTestTask.execute(NodeTestTask.java:95)
	at java.base@21.0.2/java.util.ArrayList.forEach(ArrayList.java:1596)
	at app//org.junit.platform.engine.support.hierarchical.SameThreadHierarchicalTestExecutorService.invokeAll(SameThreadHierarchicalTestExecutorService.java:41)
	at app//org.junit.platform.engine.support.hierarchical.NodeTestTask.lambda$executeRecursively$6(NodeTestTask.java:155)
	at app//org.junit.platform.engine.support.hierarchical.ThrowableCollector.execute(ThrowableCollector.java:73)
	at app//org.junit.platform.engine.support.hierarchical.NodeTestTask.lambda$executeRecursively$8(NodeTestTask.java:141)
	at app//org.junit.platform.engine.support.hierarchical.Node.around(Node.java:137)
	at app//org.junit.platform.engine.support.hierarchical.NodeTestTask.lambda$executeRecursively$9(NodeTestTask.java:139)
	at app//org.junit.platform.engine.support.hierarchical.ThrowableCollector.execute(ThrowableCollector.java:73)
	at app//org.junit.platform.engine.support.hierarchical.NodeTestTask.executeRecursively(NodeTestTask.java:138)
	at app//org.junit.platform.engine.support.hierarchical.NodeTestTask.execute(NodeTestTask.java:95)
	at app//org.junit.platform.engine.support.hierarchical.SameThreadHierarchicalTestExecutorService.submit(SameThreadHierarchicalTestExecutorService.java:35)
	at app//org.junit.platform.engine.support.hierarchical.HierarchicalTestExecutor.execute(HierarchicalTestExecutor.java:57)
	at app//org.junit.platform.engine.support.hierarchical.HierarchicalTestEngine.execute(HierarchicalTestEngine.java:54)
	at app//org.junit.platform.launcher.core.EngineExecutionOrchestrator.execute(EngineExecutionOrchestrator.java:107)
	at app//org.junit.platform.launcher.core.EngineExecutionOrchestrator.execute(EngineExecutionOrchestrator.java:88)
	at app//org.junit.platform.launcher.core.EngineExecutionOrchestrator.lambda$execute$0(EngineExecutionOrchestrator.java:54)
	at app//org.junit.platform.launcher.core.EngineExecutionOrchestrator.withInterceptedStreams(EngineExecutionOrchestrator.java:67)
	at app//org.junit.platform.launcher.core.EngineExecutionOrchestrator.execute(EngineExecutionOrchestrator.java:52)
	at app//org.junit.platform.launcher.core.DefaultLauncher.execute(DefaultLauncher.java:114)
	at app//org.junit.platform.launcher.core.DefaultLauncher.execute(DefaultLauncher.java:86)
	at app//org.junit.platform.launcher.core.DefaultLauncherSession$DelegatingLauncher.execute(DefaultLauncherSession.java:86)
	at org.gradle.api.internal.tasks.testing.junitplatform.JUnitPlatformTestClassProcessor$CollectAllTestClassesExecutor.processAllTestClasses(JUnitPlatformTestClassProcessor.java:119)
	at org.gradle.api.internal.tasks.testing.junitplatform.JUnitPlatformTestClassProcessor$CollectAllTestClassesExecutor.access$000(JUnitPlatformTestClassProcessor.java:94)
	at org.gradle.api.internal.tasks.testing.junitplatform.JUnitPlatformTestClassProcessor.stop(JUnitPlatformTestClassProcessor.java:89)
	at org.gradle.api.internal.tasks.testing.SuiteTestClassProcessor.stop(SuiteTestClassProcessor.java:62)
	at java.base@21.0.2/jdk.internal.reflect.DirectMethodHandleAccessor.invoke(DirectMethodHandleAccessor.java:103)
	at java.base@21.0.2/java.lang.reflect.Method.invoke(Method.java:580)
	at org.gradle.internal.dispatch.ReflectionDispatch.dispatch(ReflectionDispatch.java:36)
	at org.gradle.internal.dispatch.ReflectionDispatch.dispatch(ReflectionDispatch.java:24)
	at org.gradle.internal.dispatch.ContextClassLoaderDispatch.dispatch(ContextClassLoaderDispatch.java:33)
	at org.gradle.internal.dispatch.ProxyDispatchAdapter$DispatchingInvocationHandler.invoke(ProxyDispatchAdapter.java:94)
	at jdk.proxy1/jdk.proxy1.$Proxy2.stop(Unknown Source)
	at org.gradle.api.internal.tasks.testing.worker.TestWorker$3.run(TestWorker.java:193)
	at org.gradle.api.internal.tasks.testing.worker.TestWorker.executeAndMaintainThreadName(TestWorker.java:129)
	at org.gradle.api.internal.tasks.testing.worker.TestWorker.execute(TestWorker.java:100)
	at org.gradle.api.internal.tasks.testing.worker.TestWorker.execute(TestWorker.java:60)
	at org.gradle.process.internal.worker.child.ActionExecutionWorker.execute(ActionExecutionWorker.java:56)
	at org.gradle.process.internal.worker.child.SystemApplicationClassLoaderWorker.call(SystemApplicationClassLoaderWorker.java:113)
	at org.gradle.process.internal.worker.child.SystemApplicationClassLoaderWorker.call(SystemApplicationClassLoaderWorker.java:65)
	at app//worker.org.gradle.process.internal.worker.GradleWorkerMain.run(GradleWorkerMain.java:69)
	at app//worker.org.gradle.process.internal.worker.GradleWorkerMain.main(GradleWorkerMain.java:74)
</failure>
  </testcase>
  <system-out><![CDATA[Round 1
Player coins: 2
Player coins: 2
Player coins: 4
Player coins: 2
Player coins: 6
Player coins: 2
Player coins: 8
Player coins: 2
Player coins: 10
Player coins: 2
Player coins: 12
Player coins: 2
Player coins: 14
Player coins: 2
Player coins: 16
Player coins: 2
Player coins: 18
Player coins: 2
Player coins: 20
Player coins: 2
Player coins: 22
Player coins: 2
Player coins: 24
Player coins: 2
Player coins: 26
Player coins: 2
Player coins: 28
Player coins: 2
Player coins: 27
Player coins: 3
Player coins: 26
Player coins: 3
Player coins: 25
Player coins: 3
Player coins: 24
Player coins: 3
Player coins: 23
Player coins: 3
Player coins: 22
Player coins: 3
Player coins: 21
Player coins: 3
Player coins: 20
Player coins: 3
Player coins: 19
Player coins: 3
Player coins: 18
Player coins: 3
Player coins: 20
Player coins: 2
Player coins: 22
Player coins: 2
Player coins: 24
Player coins: 2
Player coins: 26
Player coins: 2
Player coins: 28
Player coins: 2
Player coins: 30
Player coins: 2
Player coins: 4
Player coins: 4
Player coins: 6
Player coins: 4
Player coins: 8
Player coins: 4
Player coins: 10
Player coins: 4
Player coins: 12
Player coins: 4
Player coins: 14
Player coins: 4
Player coins: 16
Player coins: 4
Player coins: 18
Player coins: 4
Player coins: 20
Player coins: 4
Player coins: 22
Player coins: 4
Player coins: 24
Player coins: 4
Player coins: 26
Player coins: 4
Player coins: 28
Player coins: 4
Player coins: 27
Player coins: 6
Player coins: 26
Player coins: 6
Player coins: 25
Player coins: 6
Player coins: 24
Player coins: 6
Player coins: 23
Player coins: 6
Player coins: 25
Player coins: 5
Player coins: 27
Player coins: 5
Player coins: 29
Player coins: 5
Player coins: 31
Player coins: 5
Player coins: 33
Player coins: 5
Player coins: 35
Player coins: 4
Player coins: 37
Player coins: 4
Player coins: 39
Player coins: 4
Player coins: 41
Player coins: 4
Player coins: 43
Player coins: 4
Player coins: 45
Player coins: 4
Player coins: 6
Player coins: 6
Player coins: 8
Player coins: 6
Player coins: 10
Player coins: 6
Player coins: 12
Player coins: 6
Player coins: 14
Player coins: 6
Player coins: 16
Player coins: 6
Player coins: 18
Player coins: 6
Player coins: 20
Player coins: 6
Player coins: 22
Player coins: 6
Player coins: 24
Player coins: 6
Player coins: 26
Player coins: 6
Player coins: 28
Player coins: 6
Player coins: 27
Player coins: 9
Player coins: 26
Player coins: 9
Player coins: 25
Player coins: 9
Player coins: 24
Player coins: 9
Player coins: 23
Player coins: 9
Player coins: 25
Player coins: 7
Player coins: 27
Player coins: 7
Player coins: 29
Player coins: 7
Player coins: 31
Player coins: 7
Player coins: 33
Player coins: 7
Player coins: 35
Player coins: 6
Player coins: 37
Player coins: 6
Player coins: 39
Player coins: 6
Player coins: 41
Player coins: 6
Player coins: 43
Player coins: 6
Player coins: 45
Player coins: 6
Player coins: 8
Player coins: 8
Player coins: 10
Player coins: 8
Player coins: 12
Player coins: 8
Player coins: 14
Player coins: 8
Player coins: 16
Player coins: 8
Player coins: 18
Player coins: 8
Player coins: 20
Player coins: 8
Player coins: 22
Player coins: 8
Player coins: 24
Player coins: 8
Player coins: 26
Player coins: 8
Player coins: 28
Player coins: 8
Player coins: 27
Player coins: 12
Player coins: 26
Player coins: 12
Player coins: 25
Player coins: 12
Player coins: 24
Player coins: 12
Player coins: 23
Player coins: 12
Player coins: 25
Player coins: 9
Player coins: 27
Player coins: 9
Player coins: 29
Player coins: 9
Player coins: 31
Player coins: 9
Player coins: 33
Player coins: 9
Player coins: 35
Player coins: 8
Player coins: 37
Player coins: 8
Player coins: 39
Player coins: 8
Player coins: 41
Player coins: 8
Player coins: 43
Player coins: 8
Player coins: 45
Player coins: 8
Player coins: 10
Player coins: 10
Player coins: 12
Player coins: 10
Player coins: 14
Player coins: 10
Player coins: 16
Player coins: 10
Player coins: 18
Player coins: 10
Player coins: 20
Player coins: 10
Player coins: 22
Player coins: 10
Player coins: 24
Player coins: 10
Player coins: 26
Player coins: 10
Player coins: 28
Player coins: 10
Player coins: 27
Player coins: 15
Player coins: 26
Player coins: 15
Player coins: 25
Player coins: 15
Player coins: 24
Player coins: 15
Player coins: 23
Player coins: 15
Player coins: 25
Player coins: 11
Player coins: 27
Player coins: 11
Player coins: 29
Player coins: 11
Player coins: 31
Player coins: 11
Player coins: 33
Player coins: 11
Player coins: 35
Player coins: 10
Player coins: 37
Player coins: 10
Player coins: 39
Player coins: 10
Player coins: 41
Player coins: 10
Player coins: 43
Player coins: 10
Player coins: 45
Player coins: 10
Player coins: 12
Player coins: 12
Player coins: 14
Player coins: 12
Player coins: 16
Player coins: 12
Player coins: 18
Player coins: 12
Player coins: 20
Player coins: 12
Player coins: 22
Player coins: 12
Player coins: 24
Player coins: 12
Player coins: 26
Player coins: 12
Player coins: 28
Player coins: 12
Player coins: 27
Player coins: 18
Player coins: 26
Player coins: 18
Player coins: 25
Player coins: 18
Player coins: 24
Player coins: 18
Player coins: 23
Player coins: 18
Player coins: 25
Player coins: 13
Player coins: 27
Player coins: 13
Player coins: 29
Player coins: 13
Player coins: 31
Player coins: 13
Player coins: 33
Player coins: 13
Player coins: 35
Player coins: 12
Player coins: 37
Player coins: 12
Player coins: 39
Player coins: 12
Player coins: 41
Player coins: 12
Player coins: 43
Player coins: 12
Player coins: 45
Player coins: 12
Player coins: 14
Player coins: 14
Player coins: 16
Player coins: 14
Player coins: 18
Player coins: 14
Player coins: 20
Player coins: 14
Player coins: 22
Player coins: 14
Player coins: 24
Player coins: 14
Player coins: 26
Player coins: 14
Player coins: 28
Player coins: 14
Player coins: 27
Player coins: 21
Player coins: 26
Player coins: 21
Player coins: 25
Player coins: 21
Player coins: 24
Player coins: 21
Player coins: 23
Player coins: 21
Player coins: 25
Player coins: 15
Player coins: 27
Player coins: 15
Player coins: 29
Player coins: 15
Player coins: 31
Player coins: 15
Player coins: 33
Player coins: 15
Player coins: 35
Player coins: 14
Player coins: 37
Player coins: 14
Player coins: 39
Player coins: 14
Player coins: 41
Player coins: 14
Player coins: 43
Player coins: 14
Player coins: 45
Player coins: 14
Player coins: 16
Player coins: 16
Player coins: 18
Player coins: 16
Player coins: 20
Player coins: 16
Player coins: 22
Player coins: 16
Player coins: 24
Player coins: 16
Player coins: 26
Player coins: 16
Player coins: 28
Player coins: 16
Player coins: 27
Player coins: 24
Player coins: 26
Player coins: 24
Player coins: 25
Player coins: 24
Player coins: 24
Player coins: 24
Player coins: 23
Player coins: 24
Player coins: 25
Player coins: 17
Player coins: 27
Player coins: 17
Player coins: 29
Player coins: 17
Player coins: 31
Player coins: 17
Player coins: 33
Player coins: 17
Player coins: 35
Player coins: 16
Player coins: 37
Player coins: 16
Player coins: 39
Player coins: 16
Player coins: 41
Player coins: 16
Player coins: 43
Player coins: 16
Player coins: 45
Player coins: 16
Player coins: 18
Player coins: 18
Player coins: 20
Player coins: 18
Player coins: 22
Player coins: 18
Player coins: 24
Player coins: 18
Player coins: 26
Player coins: 18
Player coins: 28
Player coins: 18
Player coins: 27
Player coins: 27
Player coins: 26
Player coins: 27
Player coins: 25
Player coins: 27
Player coins: 24
Player coins: 27
Player coins: 23
Player coins: 27
Player coins: 25
Player coins: 19
Player coins: 27
Player coins: 19
Player coins: 29
Player coins: 19
Player coins: 31
Player coins: 19
Player coins: 33
Player coins: 19
Player coins: 35
Player coins: 18
Player coins: 37
Player coins: 18
Player coins: 39
Player coins: 18
Player coins: 41
Player coins: 18
Player coins: 43
Player coins: 18
Player coins: 45
Player coins: 18
Player coins: 20
Player coins: 20
Player coins: 22
Player coins: 20
Player coins: 24
Player coins: 20
Player coins: 26
Player coins: 20
Player coins: 28
Player coins: 20
Player coins: 27
Player coins: 30
Player coins: 26
Player coins: 30
Player coins: 25
Player coins: 30
Player coins: 24
Player coins: 30
Player coins: 23
Player coins: 30
Player coins: 25
Player coins: 21
Player coins: 27
Player coins: 21
Player coins: 29
Player coins: 21
Player coins: 31
Player coins: 21
Player coins: 33
Player coins: 21
Player coins: 35
Player coins: 20
Player coins: 37
Player coins: 20
Player coins: 39
Player coins: 20
Player coins: 41
Player coins: 20
Player coins: 43
Player coins: 20
Player coins: 45
Player coins: 20
Player coins: 22
Player coins: 22
Player coins: 24
Player coins: 22
Player coins: 26
Player coins: 22
Player coins: 28
Player coins: 22
Player coins: 27
Player coins: 33
Player coins: 26
Player coins: 33
Player coins: 25
Player coins: 33
Player coins: 24
Player coins: 33
Player coins: 23
Player coins: 33
Player coins: 25
Player coins: 23
Player coins: 27
Player coins: 23
Player coins: 29
Player coins: 23
Player coins: 31
Player coins: 23
Player coins: 33
Player coins: 23
Player coins: 35
Player coins: 22
Player coins: 37
Player coins: 22
Player coins: 39
Player coins: 22
Player coins: 41
Player coins: 22
Player coins: 43
Player coins: 22
Player coins: 45
Player coins: 22
Player coins: 24
Player coins: 24
Player coins: 26
Player coins: 24
Player coins: 28
Player coins: 24
Player coins: 27
Player coins: 36
Player coins: 26
Player coins: 36
Player coins: 25
Player coins: 36
Player coins: 24
Player coins: 36
Player coins: 23
Player coins: 36
Player coins: 25
Player coins: 25
Player coins: 27
Player coins: 25
Player coins: 29
Player coins: 25
Player coins: 31
Player coins: 25
Player coins: 33
Player coins: 25
Player coins: 35
Player coins: 24
Player coins: 37
Player coins: 24
Player coins: 39
Player coins: 24
Player coins: 41
Player coins: 24
Player coins: 43
Player coins: 24
Player coins: 45
Player coins: 24
Player coins: 26
Player coins: 26
Player coins: 28
Player coins: 26
Player coins: 27
Player coins: 39
Player coins: 26
Player coins: 39
Player coins: 25
Player coins: 39
Player coins: 24
Player coins: 39
Player coins: 23
Player coins: 39
Player coins: 25
Player coins: 27
Player coins: 27
Player coins: 27
Player coins: 29
Player coins: 27
Player coins: 31
Player coins: 27
Player coins: 33
Player coins: 27
Player coins: 35
Player coins: 26
Player coins: 37
Player coins: 26
Player coins: 39
Player coins: 26
Player coins: 41
Player coins: 26
Player coins: 43
Player coins: 26
Player coins: 45
Player coins: 26
Player coins: 28
Player coins: 28
Player coins: 27
Player coins: 42
Player coins: 26
Player coins: 42
Player coins: 25
Player coins: 42
Player coins: 24
Player coins: 42
Player coins: 23
Player coins: 42
Player coins: 25
Player coins: 29
Player coins: 27
Player coins: 29
Player coins: 29
Player coins: 29
Player coins: 31
Player coins: 29
Player coins: 33
Player coins: 29
Player coins: 35
Player coins: 28
Player coins: 37
Player coins: 28
Player coins: 39
Player coins: 28
Player coins: 41
Player coins: 28
Player coins: 43
Player coins: 28
Player coins: 45
Player coins: 28
Player coins: 27
Player coins: 45
Player coins: 26
Player coins: 45
Player coins: 25
Player coins: 45
Player coins: 24
Player coins: 45
Player coins: 23
Player coins: 45
Player coins: 25
Player coins: 31
Player coins: 27
Player coins: 31
Player coins: 29
Player coins: 31
Player coins: 31
Player coins: 31
Player coins: 33
Player coins: 31
Player coins: 35
Player coins: 30
Player coins: 37
Player coins: 30
Player coins: 39
Player coins: 30
Player coins: 41
Player coins: 30
Player coins: 43
Player coins: 30
Player coins: 45
Player coins: 30
Player coins: 45
Player coins: 45
Player coins: 45
Player coins: 45
Player coins: 45
Player coins: 45
Player coins: 45
Player coins: 45
Player coins: 48
Player coins: 30
Player coins: 51
Player coins: 30
Player coins: 54
Player coins: 30
Player coins: 57
Player coins: 30
Player coins: 60
Player coins: 30
Player coins: 63
Player coins: 29
Player coins: 66
Player coins: 29
Player coins: 69
Player coins: 29
Player coins: 72
Player coins: 29
Player coins: 75
Player coins: 29
Player coins: 78
Player coins: 29
Player coins: 45
Player coins: 45
Player coins: 45
Player coins: 45
Player coins: 45
Player coins: 45
Player coins: 45
Player coins: 30
Player coins: 45
Player coins: 30
Player coins: 45
Player coins: 30
Player coins: 45
Player coins: 30
Player coins: 45
Player coins: 30
Player coins: 45
Player coins: 29
Player coins: 45
Player coins: 29
Player coins: 45
Player coins: 29
Player coins: 45
Player coins: 29
Player coins: 45
Player coins: 29
Player coins: 45
Player coins: 29
Player coins: 45
Player coins: 45
Player coins: 45
Player coins: 45
Player coins: 45
Player coins: 30
Player coins: 45
Player coins: 30
Player coins: 45
Player coins: 30
Player coins: 45
Player coins: 30
Player coins: 45
Player coins: 30
Player coins: 45
Player coins: 29
Player coins: 45
Player coins: 29
Player coins: 45
Player coins: 29
Player coins: 45
Player coins: 29
Player coins: 45
Player coins: 29
Player coins: 45
Player coins: 29
Player coins: 45
Player coins: 45
Player coins: 45
Player coins: 30
Player coins: 45
Player coins: 30
Player coins: 45
Player coins: 30
Player coins: 45
Player coins: 30
Player coins: 45
Player coins: 30
Player coins: 45
Player coins: 29
Player coins: 45
Player coins: 29
Player coins: 45
Player coins: 29
Player coins: 45
Player coins: 29
Player coins: 45
Player coins: 29
Player coins: 45
Player coins: 29
Player coins: 45
Player coins: 30
Player coins: 45
Player coins: 30
Player coins: 45
Player coins: 30
Player coins: 45
Player coins: 30
Player coins: 45
Player coins: 30
Player coins: 45
Player coins: 29
Player coins: 45
Player coins: 29
Player coins: 45
Player coins: 29
Player coins: 45
Player coins: 29
Player coins: 45
Player coins: 29
Player coins: 45
Player coins: 29
Player coins: 30
Player coins: 30
Player coins: 30
Player coins: 30
Player coins: 30
Player coins: 30
Player coins: 30
Player coins: 30
Player coins: 30
Player coins: 29
Player coins: 30
Player coins: 29
Player coins: 30
Player coins: 29
Player coins: 30
Player coins: 29
Player coins: 30
Player coins: 29
Player coins: 30
Player coins: 29
Player coins: 30
Player coins: 30
Player coins: 30
Player coins: 30
Player coins: 30
Player coins: 30
Player coins: 30
Player coins: 29
Player coins: 30
Player coins: 29
Player coins: 30
Player coins: 29
Player coins: 30
Player coins: 29
Player coins: 30
Player coins: 29
Player coins: 30
Player coins: 29
Player coins: 30
Player coins: 30
Player coins: 30
Player coins: 30
Player coins: 30
Player coins: 29
Player coins: 30
Player coins: 29
Player coins: 30
Player coins: 29
Player coins: 30
Player coins: 29
Player coins: 30
Player coins: 29
Player coins: 30
Player coins: 29
Player coins: 30
Player coins: 30
Player coins: 30
Player coins: 29
Player coins: 30
Player coins: 29
Player coins: 30
Player coins: 29
Player coins: 30
Player coins: 29
Player coins: 30
Player coins: 29
Player coins: 30
Player coins: 29
Player coins: 30
Player coins: 29
Player coins: 30
Player coins: 29
Player coins: 30
Player coins: 29
Player coins: 30
Player coins: 29
Player coins: 30
Player coins: 29
Player coins: 30
Player coins: 29
Player coins: 29
Player coins: 29
Player coins: 29
Player coins: 29
Player coins: 29
Player coins: 29
Player coins: 29
Player coins: 29
Player coins: 29
Player coins: 29
Player coins: 29
Player coins: 29
Player coins: 29
Player coins: 29
Player coins: 29
Player coins: 29
Player coins: 29
Player coins: 29
Player coins: 29
Player coins: 29
Player coins: 29
Player coins: 29
Player coins: 29
Player coins: 29
Player coins: 29
Player coins: 29
Player coins: 29
Player coins: 29
Player coins: 29
Player coins: 29
after eliminationorg.swiggy.CopyKittenPlayer@abbc908
after eliminationorg.swiggy.AlwaysCooperatePlayer@6f099cef
after eliminationorg.swiggy.CopyCatPlayer@22fba58c
after eliminationorg.swiggy.CopyCatPlayer@2fe88a09
after eliminationorg.swiggy.CopyCatPlayer@66bfd864
after eliminationorg.swiggy.CopyCatPlayer@21fff664
after eliminationorg.swiggy.CopyCatPlayer@1e6308a9
after eliminationorg.swiggy.AlwaysCooperatePlayer@afb5821
after eliminationorg.swiggy.AlwaysCooperatePlayer@5c20ffa8
after eliminationorg.swiggy.AlwaysCooperatePlayer@2f879bab
after eliminationorg.swiggy.AlwaysCooperatePlayer@46c00568
after eliminationorg.swiggy.AlwaysCooperatePlayer@458544e0
after eliminationorg.swiggy.AlwaysCooperatePlayer@2d66530f
after eliminationorg.swiggy.AlwaysCooperatePlayer@72ed9aad
after eliminationorg.swiggy.AlwaysCooperatePlayer@59712875
after eliminationorg.swiggy.AlwaysCooperatePlayer@59942b48
after eliminationorg.swiggy.AlwaysCooperatePlayer@488b50ec
after eliminationorg.swiggy.AlwaysCooperatePlayer@6090f3ca
after eliminationorg.swiggy.AlwaysCooperatePlayer@25b865b5
after eliminationorg.swiggy.AlwaysCooperatePlayer@6872f9c8
after eliminationorg.swiggy.AlwaysCooperatePlayer@bdecc21
after eliminationorg.swiggy.AlwaysCheatPlayer@5d58c727
after eliminationorg.swiggy.AlwaysCheatPlayer@3a095ec0
after eliminationorg.swiggy.AlwaysCheatPlayer@54da32dc
after eliminationorg.swiggy.AlwaysCheatPlayer@6df7988f
after eliminationorg.swiggy.AlwaysCheatPlayer@21f9277b
26
after reproductionorg.swiggy.CopyKittenPlayer@abbc908
after reproductionorg.swiggy.AlwaysCooperatePlayer@6f099cef
after reproductionorg.swiggy.CopyCatPlayer@22fba58c
after reproductionorg.swiggy.CopyCatPlayer@2fe88a09
after reproductionorg.swiggy.CopyCatPlayer@66bfd864
after reproductionorg.swiggy.CopyCatPlayer@21fff664
after reproductionorg.swiggy.CopyCatPlayer@1e6308a9
after reproductionorg.swiggy.AlwaysCooperatePlayer@afb5821
after reproductionorg.swiggy.AlwaysCooperatePlayer@5c20ffa8
after reproductionorg.swiggy.AlwaysCooperatePlayer@2f879bab
after reproductionorg.swiggy.AlwaysCooperatePlayer@46c00568
after reproductionorg.swiggy.AlwaysCooperatePlayer@458544e0
after reproductionorg.swiggy.AlwaysCooperatePlayer@2d66530f
after reproductionorg.swiggy.AlwaysCooperatePlayer@72ed9aad
after reproductionorg.swiggy.AlwaysCooperatePlayer@59712875
after reproductionorg.swiggy.AlwaysCooperatePlayer@59942b48
after reproductionorg.swiggy.AlwaysCooperatePlayer@488b50ec
after reproductionorg.swiggy.AlwaysCooperatePlayer@6090f3ca
after reproductionorg.swiggy.AlwaysCooperatePlayer@25b865b5
after reproductionorg.swiggy.AlwaysCooperatePlayer@6872f9c8
after reproductionorg.swiggy.AlwaysCooperatePlayer@bdecc21
after reproductionorg.swiggy.AlwaysCheatPlayer@5d58c727
after reproductionorg.swiggy.AlwaysCheatPlayer@3a095ec0
after reproductionorg.swiggy.AlwaysCheatPlayer@54da32dc
after reproductionorg.swiggy.AlwaysCheatPlayer@6df7988f
after reproductionorg.swiggy.AlwaysCheatPlayer@21f9277b
after reproductionorg.swiggy.AlwaysCheatPlayer@5c645b43
after reproductionorg.swiggy.AlwaysCheatPlayer@6bd16207
after reproductionorg.swiggy.AlwaysCheatPlayer@298d9a05
after reproductionorg.swiggy.AlwaysCheatPlayer@58399d82
after reproductionorg.swiggy.AlwaysCheatPlayer@26f96b85
31
Round 2
Player coins: 32
Player coins: 29
Player coins: 31
Player coins: 33
Player coins: 31
Player coins: 30
Player coins: 31
Player coins: 30
Player coins: 31
Player coins: 30
Player coins: 31
Player coins: 30
Player coins: 34
Player coins: 44
Player coins: 36
Player coins: 47
Player coins: 38
Player coins: 47
Player coins: 40
Player coins: 47
Player coins: 42
Player coins: 47
Player coins: 44
Player coins: 47
Player coins: 46
Player coins: 47
Player coins: 48
Player coins: 47
Player coins: 50
Player coins: 47
Player coins: 52
Player coins: 47
Player coins: 54
Player coins: 47
Player coins: 56
Player coins: 47
Player coins: 58
Player coins: 47
Player coins: 60
Player coins: 47
Player coins: 59
Player coins: 48
Player coins: 59
Player coins: 45
Player coins: 59
Player coins: 45
Player coins: 59
Player coins: 45
Player coins: 59
Player coins: 78
Player coins: 59
Player coins: 45
Player coins: 59
Player coins: 45
Player coins: 59
Player coins: 45
Player coins: 59
Player coins: 45
Player coins: 59
Player coins: 78
Player coins: 31
Player coins: 35
Player coins: 30
Player coins: 33
Player coins: 29
Player coins: 33
Player coins: 28
Player coins: 33
Player coins: 27
Player coins: 33
Player coins: 29
Player coins: 46
Player coins: 31
Player coins: 49
Player coins: 33
Player coins: 49
Player coins: 35
Player coins: 49
Player coins: 37
Player coins: 49
Player coins: 39
Player coins: 49
Player coins: 41
Player coins: 49
Player coins: 43
Player coins: 49
Player coins: 45
Player coins: 49
Player coins: 47
Player coins: 49
Player coins: 49
Player coins: 49
Player coins: 51
Player coins: 49
Player coins: 53
Player coins: 49
Player coins: 55
Player coins: 49
Player coins: 54
Player coins: 51
Player coins: 53
Player coins: 48
Player coins: 52
Player coins: 48
Player coins: 51
Player coins: 48
Player coins: 50
Player coins: 81
Player coins: 49
Player coins: 48
Player coins: 48
Player coins: 48
Player coins: 47
Player coins: 48
Player coins: 46
Player coins: 48
Player coins: 45
Player coins: 81
Player coins: 37
Player coins: 35
Player coins: 39
Player coins: 35
Player coins: 41
Player coins: 35
Player coins: 43
Player coins: 35
Player coins: 45
Player coins: 48
Player coins: 47
Player coins: 51
Player coins: 49
Player coins: 51
Player coins: 51
Player coins: 51
Player coins: 53
Player coins: 51
Player coins: 55
Player coins: 51
Player coins: 57
Player coins: 51
Player coins: 59
Player coins: 51
Player coins: 61
Player coins: 51
Player coins: 63
Player coins: 51
Player coins: 65
Player coins: 51
Player coins: 67
Player coins: 51
Player coins: 69
Player coins: 51
Player coins: 71
Player coins: 51
Player coins: 70
Player coins: 54
Player coins: 70
Player coins: 48
Player coins: 70
Player coins: 48
Player coins: 70
Player coins: 48
Player coins: 70
Player coins: 81
Player coins: 70
Player coins: 48
Player coins: 70
Player coins: 48
Player coins: 70
Player coins: 48
Player coins: 70
Player coins: 48
Player coins: 70
Player coins: 81
Player coins: 37
Player coins: 37
Player coins: 39
Player coins: 37
Player coins: 41
Player coins: 37
Player coins: 43
Player coins: 50
Player coins: 45
Player coins: 53
Player coins: 47
Player coins: 53
Player coins: 49
Player coins: 53
Player coins: 51
Player coins: 53
Player coins: 53
Player coins: 53
Player coins: 55
Player coins: 53
Player coins: 57
Player coins: 53
Player coins: 59
Player coins: 53
Player coins: 61
Player coins: 53
Player coins: 63
Player coins: 53
Player coins: 65
Player coins: 53
Player coins: 67
Player coins: 53
Player coins: 69
Player coins: 53
Player coins: 68
Player coins: 57
Player coins: 68
Player coins: 48
Player coins: 68
Player coins: 48
Player coins: 68
Player coins: 48
Player coins: 68
Player coins: 81
Player coins: 68
Player coins: 48
Player coins: 68
Player coins: 48
Player coins: 68
Player coins: 48
Player coins: 68
Player coins: 48
Player coins: 68
Player coins: 81
Player coins: 39
Player coins: 39
Player coins: 41
Player coins: 39
Player coins: 43
Player coins: 52
Player coins: 45
Player coins: 55
Player coins: 47
Player coins: 55
Player coins: 49
Player coins: 55
Player coins: 51
Player coins: 55
Player coins: 53
Player coins: 55
Player coins: 55
Player coins: 55
Player coins: 57
Player coins: 55
Player coins: 59
Player coins: 55
Player coins: 61
Player coins: 55
Player coins: 63
Player coins: 55
Player coins: 65
Player coins: 55
Player coins: 67
Player coins: 55
Player coins: 69
Player coins: 55
Player coins: 68
Player coins: 60
Player coins: 68
Player coins: 48
Player coins: 68
Player coins: 48
Player coins: 68
Player coins: 48
Player coins: 68
Player coins: 81
Player coins: 68
Player coins: 48
Player coins: 68
Player coins: 48
Player coins: 68
Player coins: 48
Player coins: 68
Player coins: 48
Player coins: 68
Player coins: 81
Player coins: 41
Player coins: 41
Player coins: 43
Player coins: 54
Player coins: 45
Player coins: 57
Player coins: 47
Player coins: 57
Player coins: 49
Player coins: 57
Player coins: 51
Player coins: 57
Player coins: 53
Player coins: 57
Player coins: 55
Player coins: 57
Player coins: 57
Player coins: 57
Player coins: 59
Player coins: 57
Player coins: 61
Player coins: 57
Player coins: 63
Player coins: 57
Player coins: 65
Player coins: 57
Player coins: 67
Player coins: 57
Player coins: 69
Player coins: 57
Player coins: 68
Player coins: 63
Player coins: 68
Player coins: 48
Player coins: 68
Player coins: 48
Player coins: 68
Player coins: 48
Player coins: 68
Player coins: 81
Player coins: 68
Player coins: 48
Player coins: 68
Player coins: 48
Player coins: 68
Player coins: 48
Player coins: 68
Player coins: 48
Player coins: 68
Player coins: 81
Player coins: 43
Player coins: 56
Player coins: 45
Player coins: 59
Player coins: 47
Player coins: 59
Player coins: 49
Player coins: 59
Player coins: 51
Player coins: 59
Player coins: 53
Player coins: 59
Player coins: 55
Player coins: 59
Player coins: 57
Player coins: 59
Player coins: 59
Player coins: 59
Player coins: 61
Player coins: 59
Player coins: 63
Player coins: 59
Player coins: 65
Player coins: 59
Player coins: 67
Player coins: 59
Player coins: 69
Player coins: 59
Player coins: 68
Player coins: 66
Player coins: 68
Player coins: 48
Player coins: 68
Player coins: 48
Player coins: 68
Player coins: 48
Player coins: 68
Player coins: 81
Player coins: 68
Player coins: 48
Player coins: 68
Player coins: 48
Player coins: 68
Player coins: 48
Player coins: 68
Player coins: 48
Player coins: 68
Player coins: 81
Player coins: 58
Player coins: 61
Player coins: 60
Player coins: 61
Player coins: 62
Player coins: 61
Player coins: 64
Player coins: 61
Player coins: 66
Player coins: 61
Player coins: 68
Player coins: 61
Player coins: 70
Player coins: 61
Player coins: 72
Player coins: 61
Player coins: 74
Player coins: 61
Player coins: 76
Player coins: 61
Player coins: 78
Player coins: 61
Player coins: 80
Player coins: 61
Player coins: 82
Player coins: 61
Player coins: 81
Player coins: 69
Player coins: 80
Player coins: 51
Player coins: 79
Player coins: 51
Player coins: 78
Player coins: 51
Player coins: 77
Player coins: 84
Player coins: 76
Player coins: 51
Player coins: 75
Player coins: 51
Player coins: 74
Player coins: 51
Player coins: 73
Player coins: 51
Player coins: 72
Player coins: 84
Player coins: 63
Player coins: 63
Player coins: 65
Player coins: 63
Player coins: 67
Player coins: 63
Player coins: 69
Player coins: 63
Player coins: 71
Player coins: 63
Player coins: 73
Player coins: 63
Player coins: 75
Player coins: 63
Player coins: 77
Player coins: 63
Player coins: 79
Player coins: 63
Player coins: 81
Player coins: 63
Player coins: 83
Player coins: 63
Player coins: 85
Player coins: 63
Player coins: 84
Player coins: 72
Player coins: 83
Player coins: 54
Player coins: 82
Player coins: 54
Player coins: 81
Player coins: 54
Player coins: 80
Player coins: 87
Player coins: 79
Player coins: 54
Player coins: 78
Player coins: 54
Player coins: 77
Player coins: 54
Player coins: 76
Player coins: 54
Player coins: 75
Player coins: 87
Player coins: 65
Player coins: 65
Player coins: 67
Player coins: 65
Player coins: 69
Player coins: 65
Player coins: 71
Player coins: 65
Player coins: 73
Player coins: 65
Player coins: 75
Player coins: 65
Player coins: 77
Player coins: 65
Player coins: 79
Player coins: 65
Player coins: 81
Player coins: 65
Player coins: 83
Player coins: 65
Player coins: 85
Player coins: 65
Player coins: 84
Player coins: 75
Player coins: 83
Player coins: 57
Player coins: 82
Player coins: 57
Player coins: 81
Player coins: 57
Player coins: 80
Player coins: 90
Player coins: 79
Player coins: 57
Player coins: 78
Player coins: 57
Player coins: 77
Player coins: 57
Player coins: 76
Player coins: 57
Player coins: 75
Player coins: 90
Player coins: 67
Player coins: 67
Player coins: 69
Player coins: 67
Player coins: 71
Player coins: 67
Player coins: 73
Player coins: 67
Player coins: 75
Player coins: 67
Player coins: 77
Player coins: 67
Player coins: 79
Player coins: 67
Player coins: 81
Player coins: 67
Player coins: 83
Player coins: 67
Player coins: 85
Player coins: 67
Player coins: 84
Player coins: 78
Player coins: 83
Player coins: 60
Player coins: 82
Player coins: 60
Player coins: 81
Player coins: 60
Player coins: 80
Player coins: 93
Player coins: 79
Player coins: 60
Player coins: 78
Player coins: 60
Player coins: 77
Player coins: 60
Player coins: 76
Player coins: 60
Player coins: 75
Player coins: 93
Player coins: 69
Player coins: 69
Player coins: 71
Player coins: 69
Player coins: 73
Player coins: 69
Player coins: 75
Player coins: 69
Player coins: 77
Player coins: 69
Player coins: 79
Player coins: 69
Player coins: 81
Player coins: 69
Player coins: 83
Player coins: 69
Player coins: 85
Player coins: 69
Player coins: 84
Player coins: 81
Player coins: 83
Player coins: 63
Player coins: 82
Player coins: 63
Player coins: 81
Player coins: 63
Player coins: 80
Player coins: 96
Player coins: 79
Player coins: 63
Player coins: 78
Player coins: 63
Player coins: 77
Player coins: 63
Player coins: 76
Player coins: 63
Player coins: 75
Player coins: 96
Player coins: 71
Player coins: 71
Player coins: 73
Player coins: 71
Player coins: 75
Player coins: 71
Player coins: 77
Player coins: 71
Player coins: 79
Player coins: 71
Player coins: 81
Player coins: 71
Player coins: 83
Player coins: 71
Player coins: 85
Player coins: 71
Player coins: 84
Player coins: 84
Player coins: 83
Player coins: 66
Player coins: 82
Player coins: 66
Player coins: 81
Player coins: 66
Player coins: 80
Player coins: 99
Player coins: 79
Player coins: 66
Player coins: 78
Player coins: 66
Player coins: 77
Player coins: 66
Player coins: 76
Player coins: 66
Player coins: 75
Player coins: 99
Player coins: 73
Player coins: 73
Player coins: 75
Player coins: 73
Player coins: 77
Player coins: 73
Player coins: 79
Player coins: 73
Player coins: 81
Player coins: 73
Player coins: 83
Player coins: 73
Player coins: 85
Player coins: 73
Player coins: 84
Player coins: 87
Player coins: 83
Player coins: 69
Player coins: 82
Player coins: 69
Player coins: 81
Player coins: 69
Player coins: 80
Player coins: 102
Player coins: 79
Player coins: 69
Player coins: 78
Player coins: 69
Player coins: 77
Player coins: 69
Player coins: 76
Player coins: 69
Player coins: 75
Player coins: 102
Player coins: 75
Player coins: 75
Player coins: 77
Player coins: 75
Player coins: 79
Player coins: 75
Player coins: 81
Player coins: 75
Player coins: 83
Player coins: 75
Player coins: 85
Player coins: 75
Player coins: 84
Player coins: 90
Player coins: 83
Player coins: 72
Player coins: 82
Player coins: 72
Player coins: 81
Player coins: 72
Player coins: 80
Player coins: 105
Player coins: 79
Player coins: 72
Player coins: 78
Player coins: 72
Player coins: 77
Player coins: 72
Player coins: 76
Player coins: 72
Player coins: 75
Player coins: 105
Player coins: 77
Player coins: 77
Player coins: 79
Player coins: 77
Player coins: 81
Player coins: 77
Player coins: 83
Player coins: 77
Player coins: 85
Player coins: 77
Player coins: 84
Player coins: 93
Player coins: 83
Player coins: 75
Player coins: 82
Player coins: 75
Player coins: 81
Player coins: 75
Player coins: 80
Player coins: 108
Player coins: 79
Player coins: 75
Player coins: 78
Player coins: 75
Player coins: 77
Player coins: 75
Player coins: 76
Player coins: 75
Player coins: 75
Player coins: 108
Player coins: 79
Player coins: 79
Player coins: 81
Player coins: 79
Player coins: 83
Player coins: 79
Player coins: 85
Player coins: 79
Player coins: 84
Player coins: 96
Player coins: 83
Player coins: 78
Player coins: 82
Player coins: 78
Player coins: 81
Player coins: 78
Player coins: 80
Player coins: 111
Player coins: 79
Player coins: 78
Player coins: 78
Player coins: 78
Player coins: 77
Player coins: 78
Player coins: 76
Player coins: 78
Player coins: 75
Player coins: 111
Player coins: 81
Player coins: 81
Player coins: 83
Player coins: 81
Player coins: 85
Player coins: 81
Player coins: 84
Player coins: 99
Player coins: 83
Player coins: 81
Player coins: 82
Player coins: 81
Player coins: 81
Player coins: 81
Player coins: 80
Player coins: 114
Player coins: 79
Player coins: 81
Player coins: 78
Player coins: 81
Player coins: 77
Player coins: 81
Player coins: 76
Player coins: 81
Player coins: 75
Player coins: 114
Player coins: 83
Player coins: 83
Player coins: 85
Player coins: 83
Player coins: 84
Player coins: 102
Player coins: 83
Player coins: 84
Player coins: 82
Player coins: 84
Player coins: 81
Player coins: 84
Player coins: 80
Player coins: 117
Player coins: 79
Player coins: 84
Player coins: 78
Player coins: 84
Player coins: 77
Player coins: 84
Player coins: 76
Player coins: 84
Player coins: 75
Player coins: 117
Player coins: 85
Player coins: 85
Player coins: 84
Player coins: 105
Player coins: 83
Player coins: 87
Player coins: 82
Player coins: 87
Player coins: 81
Player coins: 87
Player coins: 80
Player coins: 120
Player coins: 79
Player coins: 87
Player coins: 78
Player coins: 87
Player coins: 77
Player coins: 87
Player coins: 76
Player coins: 87
Player coins: 75
Player coins: 120
Player coins: 84
Player coins: 108
Player coins: 83
Player coins: 90
Player coins: 82
Player coins: 90
Player coins: 81
Player coins: 90
Player coins: 80
Player coins: 123
Player coins: 79
Player coins: 90
Player coins: 78
Player coins: 90
Player coins: 77
Player coins: 90
Player coins: 76
Player coins: 90
Player coins: 75
Player coins: 123
Player coins: 108
Player coins: 90
Player coins: 108
Player coins: 90
Player coins: 108
Player coins: 90
Player coins: 108
Player coins: 123
Player coins: 108
Player coins: 90
Player coins: 108
Player coins: 90
Player coins: 108
Player coins: 90
Player coins: 108
Player coins: 90
Player coins: 108
Player coins: 123
Player coins: 90
Player coins: 90
Player coins: 90
Player coins: 90
Player coins: 90
Player coins: 123
Player coins: 90
Player coins: 90
Player coins: 90
Player coins: 90
Player coins: 90
Player coins: 90
Player coins: 90
Player coins: 90
Player coins: 90
Player coins: 123
Player coins: 90
Player coins: 90
Player coins: 90
Player coins: 123
Player coins: 90
Player coins: 90
Player coins: 90
Player coins: 90
Player coins: 90
Player coins: 90
Player coins: 90
Player coins: 90
Player coins: 90
Player coins: 123
Player coins: 90
Player coins: 123
Player coins: 90
Player coins: 90
Player coins: 90
Player coins: 90
Player coins: 90
Player coins: 90
Player coins: 90
Player coins: 90
Player coins: 90
Player coins: 123
Player coins: 123
Player coins: 90
Player coins: 123
Player coins: 90
Player coins: 123
Player coins: 90
Player coins: 123
Player coins: 90
Player coins: 123
Player coins: 123
Player coins: 90
Player coins: 90
Player coins: 90
Player coins: 90
Player coins: 90
Player coins: 90
Player coins: 90
Player coins: 123
Player coins: 90
Player coins: 90
Player coins: 90
Player coins: 90
Player coins: 90
Player coins: 123
Player coins: 90
Player coins: 90
Player coins: 90
Player coins: 123
Player coins: 90
Player coins: 123
after eliminationorg.swiggy.CopyCatPlayer@1e6308a9
after eliminationorg.swiggy.CopyCatPlayer@22fba58c
after eliminationorg.swiggy.AlwaysCooperatePlayer@afb5821
after eliminationorg.swiggy.AlwaysCooperatePlayer@5c20ffa8
after eliminationorg.swiggy.AlwaysCooperatePlayer@2f879bab
after eliminationorg.swiggy.AlwaysCooperatePlayer@46c00568
after eliminationorg.swiggy.AlwaysCooperatePlayer@458544e0
after eliminationorg.swiggy.AlwaysCooperatePlayer@2d66530f
after eliminationorg.swiggy.AlwaysCooperatePlayer@72ed9aad
after eliminationorg.swiggy.AlwaysCooperatePlayer@59712875
after eliminationorg.swiggy.AlwaysCooperatePlayer@59942b48
after eliminationorg.swiggy.AlwaysCooperatePlayer@488b50ec
after eliminationorg.swiggy.AlwaysCooperatePlayer@6090f3ca
after eliminationorg.swiggy.AlwaysCooperatePlayer@25b865b5
after eliminationorg.swiggy.AlwaysCooperatePlayer@6872f9c8
after eliminationorg.swiggy.AlwaysCooperatePlayer@bdecc21
after eliminationorg.swiggy.AlwaysCheatPlayer@3a095ec0
after eliminationorg.swiggy.AlwaysCheatPlayer@54da32dc
after eliminationorg.swiggy.AlwaysCheatPlayer@6df7988f
after eliminationorg.swiggy.AlwaysCheatPlayer@5c645b43
after eliminationorg.swiggy.AlwaysCheatPlayer@6bd16207
after eliminationorg.swiggy.AlwaysCheatPlayer@298d9a05
after eliminationorg.swiggy.AlwaysCheatPlayer@58399d82
after eliminationorg.swiggy.AlwaysCheatPlayer@5d58c727
after eliminationorg.swiggy.AlwaysCheatPlayer@21f9277b
after eliminationorg.swiggy.AlwaysCheatPlayer@26f96b85
26
after reproductionorg.swiggy.CopyCatPlayer@1e6308a9
after reproductionorg.swiggy.CopyCatPlayer@22fba58c
after reproductionorg.swiggy.AlwaysCooperatePlayer@afb5821
after reproductionorg.swiggy.AlwaysCooperatePlayer@5c20ffa8
after reproductionorg.swiggy.AlwaysCooperatePlayer@2f879bab
after reproductionorg.swiggy.AlwaysCooperatePlayer@46c00568
after reproductionorg.swiggy.AlwaysCooperatePlayer@458544e0
after reproductionorg.swiggy.AlwaysCooperatePlayer@2d66530f
after reproductionorg.swiggy.AlwaysCooperatePlayer@72ed9aad
after reproductionorg.swiggy.AlwaysCooperatePlayer@59712875
after reproductionorg.swiggy.AlwaysCooperatePlayer@59942b48
after reproductionorg.swiggy.AlwaysCooperatePlayer@488b50ec
after reproductionorg.swiggy.AlwaysCooperatePlayer@6090f3ca
after reproductionorg.swiggy.AlwaysCooperatePlayer@25b865b5
after reproductionorg.swiggy.AlwaysCooperatePlayer@6872f9c8
after reproductionorg.swiggy.AlwaysCooperatePlayer@bdecc21
after reproductionorg.swiggy.AlwaysCheatPlayer@3a095ec0
after reproductionorg.swiggy.AlwaysCheatPlayer@54da32dc
after reproductionorg.swiggy.AlwaysCheatPlayer@6df7988f
after reproductionorg.swiggy.AlwaysCheatPlayer@5c645b43
after reproductionorg.swiggy.AlwaysCheatPlayer@6bd16207
after reproductionorg.swiggy.AlwaysCheatPlayer@298d9a05
after reproductionorg.swiggy.AlwaysCheatPlayer@58399d82
after reproductionorg.swiggy.AlwaysCheatPlayer@5d58c727
after reproductionorg.swiggy.AlwaysCheatPlayer@21f9277b
after reproductionorg.swiggy.AlwaysCheatPlayer@26f96b85
after reproductionorg.swiggy.AlwaysCheatPlayer@6ee8dcd3
after reproductionorg.swiggy.AlwaysCheatPlayer@a20b94b
after reproductionorg.swiggy.AlwaysCheatPlayer@5cdf39b2
after reproductionorg.swiggy.AlwaysCheatPlayer@14f3c6fc
after reproductionorg.swiggy.AlwaysCheatPlayer@3cd59ef5
31
Round 3
Player coins: 68
Player coins: 70
Player coins: 71
Player coins: 71
Player coins: 73
Player coins: 77
Player coins: 75
Player coins: 77
Player coins: 77
Player coins: 77
Player coins: 79
Player coins: 77
Player coins: 81
Player coins: 77
Player coins: 83
Player coins: 77
Player coins: 85
Player coins: 77
Player coins: 87
Player coins: 77
Player coins: 89
Player coins: 77
Player coins: 91
Player coins: 77
Player coins: 93
Player coins: 77
Player coins: 95
Player coins: 77
Player coins: 97
Player coins: 77
Player coins: 96
Player coins: 93
Player coins: 96
Player coins: 90
Player coins: 96
Player coins: 90
Player coins: 96
Player coins: 90
Player coins: 96
Player coins: 90
Player coins: 96
Player coins: 90
Player coins: 96
Player coins: 90
Player coins: 96
Player coins: 108
Player coins: 96
Player coins: 123
Player coins: 96
Player coins: 123
Player coins: 96
Player coins: 90
Player coins: 96
Player coins: 90
Player coins: 96
Player coins: 108
Player coins: 96
Player coins: 123
Player coins: 96
Player coins: 123
Player coins: 73
Player coins: 70
Player coins: 75
Player coins: 79
Player coins: 77
Player coins: 79
Player coins: 79
Player coins: 79
Player coins: 81
Player coins: 79
Player coins: 83
Player coins: 79
Player coins: 85
Player coins: 79
Player coins: 87
Player coins: 79
Player coins: 89
Player coins: 79
Player coins: 91
Player coins: 79
Player coins: 93
Player coins: 79
Player coins: 95
Player coins: 79
Player coins: 97
Player coins: 79
Player coins: 99
Player coins: 79
Player coins: 98
Player coins: 96
Player coins: 98
Player coins: 90
Player coins: 98
Player coins: 90
Player coins: 98
Player coins: 90
Player coins: 98
Player coins: 90
Player coins: 98
Player coins: 90
Player coins: 98
Player coins: 90
Player coins: 98
Player coins: 108
Player coins: 98
Player coins: 123
Player coins: 98
Player coins: 123
Player coins: 98
Player coins: 90
Player coins: 98
Player coins: 90
Player coins: 98
Player coins: 108
Player coins: 98
Player coins: 123
Player coins: 98
Player coins: 123
Player coins: 72
Player coins: 81
Player coins: 74
Player coins: 81
Player coins: 76
Player coins: 81
Player coins: 78
Player coins: 81
Player coins: 80
Player coins: 81
Player coins: 82
Player coins: 81
Player coins: 84
Player coins: 81
Player coins: 86
Player coins: 81
Player coins: 88
Player coins: 81
Player coins: 90
Player coins: 81
Player coins: 92
Player coins: 81
Player coins: 94
Player coins: 81
Player coins: 96
Player coins: 81
Player coins: 95
Player coins: 99
Player coins: 94
Player coins: 93
Player coins: 93
Player coins: 93
Player coins: 92
Player coins: 93
Player coins: 91
Player coins: 93
Player coins: 90
Player coins: 93
Player coins: 89
Player coins: 93
Player coins: 88
Player coins: 111
Player coins: 87
Player coins: 126
Player coins: 86
Player coins: 126
Player coins: 85
Player coins: 93
Player coins: 84
Player coins: 93
Player coins: 83
Player coins: 111
Player coins: 82
Player coins: 126
Player coins: 81
Player coins: 126
Player coins: 83
Player coins: 83
Player coins: 85
Player coins: 83
Player coins: 87
Player coins: 83
Player coins: 89
Player coins: 83
Player coins: 91
Player coins: 83
Player coins: 93
Player coins: 83
Player coins: 95
Player coins: 83
Player coins: 97
Player coins: 83
Player coins: 99
Player coins: 83
Player coins: 101
Player coins: 83
Player coins: 103
Player coins: 83
Player coins: 105
Player coins: 83
Player coins: 104
Player coins: 102
Player coins: 103
Player coins: 96
Player coins: 102
Player coins: 96
Player coins: 101
Player coins: 96
Player coins: 100
Player coins: 96
Player coins: 99
Player coins: 96
Player coins: 98
Player coins: 96
Player coins: 97
Player coins: 114
Player coins: 96
Player coins: 129
Player coins: 95
Player coins: 129
Player coins: 94
Player coins: 96
Player coins: 93
Player coins: 96
Player coins: 92
Player coins: 114
Player coins: 91
Player coins: 129
Player coins: 90
Player coins: 129
Player coins: 85
Player coins: 85
Player coins: 87
Player coins: 85
Player coins: 89
Player coins: 85
Player coins: 91
Player coins: 85
Player coins: 93
Player coins: 85
Player coins: 95
Player coins: 85
Player coins: 97
Player coins: 85
Player coins: 99
Player coins: 85
Player coins: 101
Player coins: 85
Player coins: 103
Player coins: 85
Player coins: 105
Player coins: 85
Player coins: 104
Player coins: 105
Player coins: 103
Player coins: 99
Player coins: 102
Player coins: 99
Player coins: 101
Player coins: 99
Player coins: 100
Player coins: 99
Player coins: 99
Player coins: 99
Player coins: 98
Player coins: 99
Player coins: 97
Player coins: 117
Player coins: 96
Player coins: 132
Player coins: 95
Player coins: 132
Player coins: 94
Player coins: 99
Player coins: 93
Player coins: 99
Player coins: 92
Player coins: 117
Player coins: 91
Player coins: 132
Player coins: 90
Player coins: 132
Player coins: 87
Player coins: 87
Player coins: 89
Player coins: 87
Player coins: 91
Player coins: 87
Player coins: 93
Player coins: 87
Player coins: 95
Player coins: 87
Player coins: 97
Player coins: 87
Player coins: 99
Player coins: 87
Player coins: 101
Player coins: 87
Player coins: 103
Player coins: 87
Player coins: 105
Player coins: 87
Player coins: 104
Player coins: 108
Player coins: 103
Player coins: 102
Player coins: 102
Player coins: 102
Player coins: 101
Player coins: 102
Player coins: 100
Player coins: 102
Player coins: 99
Player coins: 102
Player coins: 98
Player coins: 102
Player coins: 97
Player coins: 120
Player coins: 96
Player coins: 135
Player coins: 95
Player coins: 135
Player coins: 94
Player coins: 102
Player coins: 93
Player coins: 102
Player coins: 92
Player coins: 120
Player coins: 91
Player coins: 135
Player coins: 90
Player coins: 135
Player coins: 89
Player coins: 89
Player coins: 91
Player coins: 89
Player coins: 93
Player coins: 89
Player coins: 95
Player coins: 89
Player coins: 97
Player coins: 89
Player coins: 99
Player coins: 89
Player coins: 101
Player coins: 89
Player coins: 103
Player coins: 89
Player coins: 105
Player coins: 89
Player coins: 104
Player coins: 111
Player coins: 103
Player coins: 105
Player coins: 102
Player coins: 105
Player coins: 101
Player coins: 105
Player coins: 100
Player coins: 105
Player coins: 99
Player coins: 105
Player coins: 98
Player coins: 105
Player coins: 97
Player coins: 123
Player coins: 96
Player coins: 138
Player coins: 95
Player coins: 138
Player coins: 94
Player coins: 105
Player coins: 93
Player coins: 105
Player coins: 92
Player coins: 123
Player coins: 91
Player coins: 138
Player coins: 90
Player coins: 138
Player coins: 91
Player coins: 91
Player coins: 93
Player coins: 91
Player coins: 95
Player coins: 91
Player coins: 97
Player coins: 91
Player coins: 99
Player coins: 91
Player coins: 101
Player coins: 91
Player coins: 103
Player coins: 91
Player coins: 105
Player coins: 91
Player coins: 104
Player coins: 114
Player coins: 103
Player coins: 108
Player coins: 102
Player coins: 108
Player coins: 101
Player coins: 108
Player coins: 100
Player coins: 108
Player coins: 99
Player coins: 108
Player coins: 98
Player coins: 108
Player coins: 97
Player coins: 126
Player coins: 96
Player coins: 141
Player coins: 95
Player coins: 141
Player coins: 94
Player coins: 108
Player coins: 93
Player coins: 108
Player coins: 92
Player coins: 126
Player coins: 91
Player coins: 141
Player coins: 90
Player coins: 141
Player coins: 93
Player coins: 93
Player coins: 95
Player coins: 93
Player coins: 97
Player coins: 93
Player coins: 99
Player coins: 93
Player coins: 101
Player coins: 93
Player coins: 103
Player coins: 93
Player coins: 105
Player coins: 93
Player coins: 104
Player coins: 117
Player coins: 103
Player coins: 111
Player coins: 102
Player coins: 111
Player coins: 101
Player coins: 111
Player coins: 100
Player coins: 111
Player coins: 99
Player coins: 111
Player coins: 98
Player coins: 111
Player coins: 97
Player coins: 129
Player coins: 96
Player coins: 144
Player coins: 95
Player coins: 144
Player coins: 94
Player coins: 111
Player coins: 93
Player coins: 111
Player coins: 92
Player coins: 129
Player coins: 91
Player coins: 144
Player coins: 90
Player coins: 144
Player coins: 95
Player coins: 95
Player coins: 97
Player coins: 95
Player coins: 99
Player coins: 95
Player coins: 101
Player coins: 95
Player coins: 103
Player coins: 95
Player coins: 105
Player coins: 95
Player coins: 104
Player coins: 120
Player coins: 103
Player coins: 114
Player coins: 102
Player coins: 114
Player coins: 101
Player coins: 114
Player coins: 100
Player coins: 114
Player coins: 99
Player coins: 114
Player coins: 98
Player coins: 114
Player coins: 97
Player coins: 132
Player coins: 96
Player coins: 147
Player coins: 95
Player coins: 147
Player coins: 94
Player coins: 114
Player coins: 93
Player coins: 114
Player coins: 92
Player coins: 132
Player coins: 91
Player coins: 147
Player coins: 90
Player coins: 147
Player coins: 97
Player coins: 97
Player coins: 99
Player coins: 97
Player coins: 101
Player coins: 97
Player coins: 103
Player coins: 97
Player coins: 105
Player coins: 97
Player coins: 104
Player coins: 123
Player coins: 103
Player coins: 117
Player coins: 102
Player coins: 117
Player coins: 101
Player coins: 117
Player coins: 100
Player coins: 117
Player coins: 99
Player coins: 117
Player coins: 98
Player coins: 117
Player coins: 97
Player coins: 135
Player coins: 96
Player coins: 150
Player coins: 95
Player coins: 150
Player coins: 94
Player coins: 117
Player coins: 93
Player coins: 117
Player coins: 92
Player coins: 135
Player coins: 91
Player coins: 150
Player coins: 90
Player coins: 150
Player coins: 99
Player coins: 99
Player coins: 101
Player coins: 99
Player coins: 103
Player coins: 99
Player coins: 105
Player coins: 99
Player coins: 104
Player coins: 126
Player coins: 103
Player coins: 120
Player coins: 102
Player coins: 120
Player coins: 101
Player coins: 120
Player coins: 100
Player coins: 120
Player coins: 99
Player coins: 120
Player coins: 98
Player coins: 120
Player coins: 97
Player coins: 138
Player coins: 96
Player coins: 153
Player coins: 95
Player coins: 153
Player coins: 94
Player coins: 120
Player coins: 93
Player coins: 120
Player coins: 92
Player coins: 138
Player coins: 91
Player coins: 153
Player coins: 90
Player coins: 153
Player coins: 101
Player coins: 101
Player coins: 103
Player coins: 101
Player coins: 105
Player coins: 101
Player coins: 104
Player coins: 129
Player coins: 103
Player coins: 123
Player coins: 102
Player coins: 123
Player coins: 101
Player coins: 123
Player coins: 100
Player coins: 123
Player coins: 99
Player coins: 123
Player coins: 98
Player coins: 123
Player coins: 97
Player coins: 141
Player coins: 96
Player coins: 156
Player coins: 95
Player coins: 156
Player coins: 94
Player coins: 123
Player coins: 93
Player coins: 123
Player coins: 92
Player coins: 141
Player coins: 91
Player coins: 156
Player coins: 90
Player coins: 156
Player coins: 103
Player coins: 103
Player coins: 105
Player coins: 103
Player coins: 104
Player coins: 132
Player coins: 103
Player coins: 126
Player coins: 102
Player coins: 126
Player coins: 101
Player coins: 126
Player coins: 100
Player coins: 126
Player coins: 99
Player coins: 126
Player coins: 98
Player coins: 126
Player coins: 97
Player coins: 144
Player coins: 96
Player coins: 159
Player coins: 95
Player coins: 159
Player coins: 94
Player coins: 126
Player coins: 93
Player coins: 126
Player coins: 92
Player coins: 144
Player coins: 91
Player coins: 159
Player coins: 90
Player coins: 159
Player coins: 105
Player coins: 105
Player coins: 104
Player coins: 135
Player coins: 103
Player coins: 129
Player coins: 102
Player coins: 129
Player coins: 101
Player coins: 129
Player coins: 100
Player coins: 129
Player coins: 99
Player coins: 129
Player coins: 98
Player coins: 129
Player coins: 97
Player coins: 147
Player coins: 96
Player coins: 162
Player coins: 95
Player coins: 162
Player coins: 94
Player coins: 129
Player coins: 93
Player coins: 129
Player coins: 92
Player coins: 147
Player coins: 91
Player coins: 162
Player coins: 90
Player coins: 162
Player coins: 104
Player coins: 138
Player coins: 103
Player coins: 132
Player coins: 102
Player coins: 132
Player coins: 101
Player coins: 132
Player coins: 100
Player coins: 132
Player coins: 99
Player coins: 132
Player coins: 98
Player coins: 132
Player coins: 97
Player coins: 150
Player coins: 96
Player coins: 165
Player coins: 95
Player coins: 165
Player coins: 94
Player coins: 132
Player coins: 93
Player coins: 132
Player coins: 92
Player coins: 150
Player coins: 91
Player coins: 165
Player coins: 90
Player coins: 165
Player coins: 138
Player coins: 132
Player coins: 138
Player coins: 132
Player coins: 138
Player coins: 132
Player coins: 138
Player coins: 132
Player coins: 138
Player coins: 132
Player coins: 138
Player coins: 132
Player coins: 138
Player coins: 150
Player coins: 138
Player coins: 165
Player coins: 138
Player coins: 165
Player coins: 138
Player coins: 132
Player coins: 138
Player coins: 132
Player coins: 138
Player coins: 150
Player coins: 138
Player coins: 165
Player coins: 138
Player coins: 165
Player coins: 132
Player coins: 132
Player coins: 132
Player coins: 132
Player coins: 132
Player coins: 132
Player coins: 132
Player coins: 132
Player coins: 132
Player coins: 132
Player coins: 132
Player coins: 150
Player coins: 132
Player coins: 165
Player coins: 132
Player coins: 165
Player coins: 132
Player coins: 132
Player coins: 132
Player coins: 132
Player coins: 132
Player coins: 150
Player coins: 132
Player coins: 165
Player coins: 132
Player coins: 165
Player coins: 132
Player coins: 132
Player coins: 132
Player coins: 132
Player coins: 132
Player coins: 132
Player coins: 132
Player coins: 132
Player coins: 132
Player coins: 150
Player coins: 132
Player coins: 165
Player coins: 132
Player coins: 165
Player coins: 132
Player coins: 132
Player coins: 132
Player coins: 132
Player coins: 132
Player coins: 150
Player coins: 132
Player coins: 165
Player coins: 132
Player coins: 165
Player coins: 132
Player coins: 132
Player coins: 132
Player coins: 132
Player coins: 132
Player coins: 132
Player coins: 132
Player coins: 150
Player coins: 132
Player coins: 165
Player coins: 132
Player coins: 165
Player coins: 132
Player coins: 132
Player coins: 132
Player coins: 132
Player coins: 132
Player coins: 150
Player coins: 132
Player coins: 165
Player coins: 132
Player coins: 165
Player coins: 132
Player coins: 132
Player coins: 132
Player coins: 132
Player coins: 132
Player coins: 150
Player coins: 132
Player coins: 165
Player coins: 132
Player coins: 165
Player coins: 132
Player coins: 132
Player coins: 132
Player coins: 132
Player coins: 132
Player coins: 150
Player coins: 132
Player coins: 165
Player coins: 132
Player coins: 165
Player coins: 132
Player coins: 132
Player coins: 132
Player coins: 150
Player coins: 132
Player coins: 165
Player coins: 132
Player coins: 165
Player coins: 132
Player coins: 132
Player coins: 132
Player coins: 132
Player coins: 132
Player coins: 150
Player coins: 132
Player coins: 165
Player coins: 132
Player coins: 165
Player coins: 132
Player coins: 150
Player coins: 132
Player coins: 165
Player coins: 132
Player coins: 165
Player coins: 132
Player coins: 132
Player coins: 132
Player coins: 132
Player coins: 132
Player coins: 150
Player coins: 132
Player coins: 165
Player coins: 132
Player coins: 165
Player coins: 150
Player coins: 165
Player coins: 150
Player coins: 165
Player coins: 150
Player coins: 132
Player coins: 150
Player coins: 132
Player coins: 150
Player coins: 150
Player coins: 150
Player coins: 165
Player coins: 150
Player coins: 165
Player coins: 165
Player coins: 165
Player coins: 165
Player coins: 132
Player coins: 165
Player coins: 132
Player coins: 165
Player coins: 150
Player coins: 165
Player coins: 165
Player coins: 165
Player coins: 165
Player coins: 165
Player coins: 132
Player coins: 165
Player coins: 132
Player coins: 165
Player coins: 150
Player coins: 165
Player coins: 165
Player coins: 165
Player coins: 165
Player coins: 132
Player coins: 132
Player coins: 132
Player coins: 150
Player coins: 132
Player coins: 165
Player coins: 132
Player coins: 165
Player coins: 132
Player coins: 150
Player coins: 132
Player coins: 165
Player coins: 132
Player coins: 165
Player coins: 150
Player coins: 165
Player coins: 150
Player coins: 165
Player coins: 165
Player coins: 165
after eliminationorg.swiggy.AlwaysCooperatePlayer@2d66530f
after eliminationorg.swiggy.AlwaysCooperatePlayer@72ed9aad
after eliminationorg.swiggy.AlwaysCooperatePlayer@59712875
after eliminationorg.swiggy.AlwaysCooperatePlayer@59942b48
after eliminationorg.swiggy.AlwaysCooperatePlayer@488b50ec
after eliminationorg.swiggy.AlwaysCooperatePlayer@6090f3ca
after eliminationorg.swiggy.AlwaysCooperatePlayer@25b865b5
after eliminationorg.swiggy.AlwaysCooperatePlayer@6872f9c8
after eliminationorg.swiggy.AlwaysCooperatePlayer@bdecc21
after eliminationorg.swiggy.CopyCatPlayer@1e6308a9
after eliminationorg.swiggy.CopyCatPlayer@22fba58c
after eliminationorg.swiggy.AlwaysCheatPlayer@54da32dc
after eliminationorg.swiggy.AlwaysCheatPlayer@6df7988f
after eliminationorg.swiggy.AlwaysCheatPlayer@5c645b43
after eliminationorg.swiggy.AlwaysCheatPlayer@6bd16207
after eliminationorg.swiggy.AlwaysCheatPlayer@298d9a05
after eliminationorg.swiggy.AlwaysCheatPlayer@58399d82
after eliminationorg.swiggy.AlwaysCheatPlayer@6ee8dcd3
after eliminationorg.swiggy.AlwaysCheatPlayer@a20b94b
after eliminationorg.swiggy.AlwaysCheatPlayer@3a095ec0
after eliminationorg.swiggy.AlwaysCheatPlayer@5d58c727
after eliminationorg.swiggy.AlwaysCheatPlayer@5cdf39b2
after eliminationorg.swiggy.AlwaysCheatPlayer@21f9277b
after eliminationorg.swiggy.AlwaysCheatPlayer@26f96b85
after eliminationorg.swiggy.AlwaysCheatPlayer@14f3c6fc
after eliminationorg.swiggy.AlwaysCheatPlayer@3cd59ef5
26
after reproductionorg.swiggy.AlwaysCooperatePlayer@2d66530f
after reproductionorg.swiggy.AlwaysCooperatePlayer@72ed9aad
after reproductionorg.swiggy.AlwaysCooperatePlayer@59712875
after reproductionorg.swiggy.AlwaysCooperatePlayer@59942b48
after reproductionorg.swiggy.AlwaysCooperatePlayer@488b50ec
after reproductionorg.swiggy.AlwaysCooperatePlayer@6090f3ca
after reproductionorg.swiggy.AlwaysCooperatePlayer@25b865b5
after reproductionorg.swiggy.AlwaysCooperatePlayer@6872f9c8
after reproductionorg.swiggy.AlwaysCooperatePlayer@bdecc21
after reproductionorg.swiggy.CopyCatPlayer@1e6308a9
after reproductionorg.swiggy.CopyCatPlayer@22fba58c
after reproductionorg.swiggy.AlwaysCheatPlayer@54da32dc
after reproductionorg.swiggy.AlwaysCheatPlayer@6df7988f
after reproductionorg.swiggy.AlwaysCheatPlayer@5c645b43
after reproductionorg.swiggy.AlwaysCheatPlayer@6bd16207
after reproductionorg.swiggy.AlwaysCheatPlayer@298d9a05
after reproductionorg.swiggy.AlwaysCheatPlayer@58399d82
after reproductionorg.swiggy.AlwaysCheatPlayer@6ee8dcd3
after reproductionorg.swiggy.AlwaysCheatPlayer@a20b94b
after reproductionorg.swiggy.AlwaysCheatPlayer@3a095ec0
after reproductionorg.swiggy.AlwaysCheatPlayer@5d58c727
after reproductionorg.swiggy.AlwaysCheatPlayer@5cdf39b2
after reproductionorg.swiggy.AlwaysCheatPlayer@21f9277b
after reproductionorg.swiggy.AlwaysCheatPlayer@26f96b85
after reproductionorg.swiggy.AlwaysCheatPlayer@14f3c6fc
after reproductionorg.swiggy.AlwaysCheatPlayer@3cd59ef5
after reproductionorg.swiggy.AlwaysCheatPlayer@28fd3dc1
after reproductionorg.swiggy.AlwaysCheatPlayer@5f9b6ae7
after reproductionorg.swiggy.AlwaysCheatPlayer@108d55c4
after reproductionorg.swiggy.AlwaysCheatPlayer@5432c277
after reproductionorg.swiggy.AlwaysCheatPlayer@15e0fe05
31
Round 4
Player coins: 92
Player coins: 92
Player coins: 94
Player coins: 92
Player coins: 96
Player coins: 92
Player coins: 98
Player coins: 92
Player coins: 100
Player coins: 92
Player coins: 102
Player coins: 92
Player coins: 104
Player coins: 92
Player coins: 106
Player coins: 92
Player coins: 105
Player coins: 99
Player coins: 104
Player coins: 101
Player coins: 103
Player coins: 135
Player coins: 102
Player coins: 135
Player coins: 101
Player coins: 135
Player coins: 100
Player coins: 135
Player coins: 99
Player coins: 135
Player coins: 98
Player coins: 135
Player coins: 97
Player coins: 135
Player coins: 96
Player coins: 135
Player coins: 95
Player coins: 141
Player coins: 94
Player coins: 153
Player coins: 93
Player coins: 153
Player coins: 92
Player coins: 168
Player coins: 91
Player coins: 168
Player coins: 90
Player coins: 168
Player coins: 89
Player coins: 168
Player coins: 88
Player coins: 153
Player coins: 87
Player coins: 168
Player coins: 86
Player coins: 168
Player coins: 85
Player coins: 168
Player coins: 84
Player coins: 168
Player coins: 94
Player coins: 94
Player coins: 96
Player coins: 94
Player coins: 98
Player coins: 94
Player coins: 100
Player coins: 94
Player coins: 102
Player coins: 94
Player coins: 104
Player coins: 94
Player coins: 106
Player coins: 94
Player coins: 108
Player coins: 101
Player coins: 110
Player coins: 103
Player coins: 109
Player coins: 138
Player coins: 108
Player coins: 138
Player coins: 107
Player coins: 138
Player coins: 106
Player coins: 138
Player coins: 105
Player coins: 138
Player coins: 104
Player coins: 138
Player coins: 103
Player coins: 138
Player coins: 102
Player coins: 138
Player coins: 101
Player coins: 144
Player coins: 100
Player coins: 156
Player coins: 99
Player coins: 156
Player coins: 98
Player coins: 171
Player coins: 97
Player coins: 171
Player coins: 96
Player coins: 171
Player coins: 95
Player coins: 171
Player coins: 94
Player coins: 156
Player coins: 93
Player coins: 171
Player coins: 92
Player coins: 171
Player coins: 91
Player coins: 171
Player coins: 90
Player coins: 171
Player coins: 96
Player coins: 96
Player coins: 98
Player coins: 96
Player coins: 100
Player coins: 96
Player coins: 102
Player coins: 96
Player coins: 104
Player coins: 96
Player coins: 106
Player coins: 96
Player coins: 108
Player coins: 103
Player coins: 110
Player coins: 105
Player coins: 109
Player coins: 141
Player coins: 108
Player coins: 141
Player coins: 107
Player coins: 141
Player coins: 106
Player coins: 141
Player coins: 105
Player coins: 141
Player coins: 104
Player coins: 141
Player coins: 103
Player coins: 141
Player coins: 102
Player coins: 141
Player coins: 101
Player coins: 147
Player coins: 100
Player coins: 159
Player coins: 99
Player coins: 159
Player coins: 98
Player coins: 174
Player coins: 97
Player coins: 174
Player coins: 96
Player coins: 174
Player coins: 95
Player coins: 174
Player coins: 94
Player coins: 159
Player coins: 93
Player coins: 174
Player coins: 92
Player coins: 174
Player coins: 91
Player coins: 174
Player coins: 90
Player coins: 174
Player coins: 98
Player coins: 98
Player coins: 100
Player coins: 98
Player coins: 102
Player coins: 98
Player coins: 104
Player coins: 98
Player coins: 106
Player coins: 98
Player coins: 108
Player coins: 105
Player coins: 110
Player coins: 107
Player coins: 109
Player coins: 144
Player coins: 108
Player coins: 144
Player coins: 107
Player coins: 144
Player coins: 106
Player coins: 144
Player coins: 105
Player coins: 144
Player coins: 104
Player coins: 144
Player coins: 103
Player coins: 144
Player coins: 102
Player coins: 144
Player coins: 101
Player coins: 150
Player coins: 100
Player coins: 162
Player coins: 99
Player coins: 162
Player coins: 98
Player coins: 177
Player coins: 97
Player coins: 177
Player coins: 96
Player coins: 177
Player coins: 95
Player coins: 177
Player coins: 94
Player coins: 162
Player coins: 93
Player coins: 177
Player coins: 92
Player coins: 177
Player coins: 91
Player coins: 177
Player coins: 90
Player coins: 177
Player coins: 100
Player coins: 100
Player coins: 102
Player coins: 100
Player coins: 104
Player coins: 100
Player coins: 106
Player coins: 100
Player coins: 108
Player coins: 107
Player coins: 110
Player coins: 109
Player coins: 109
Player coins: 147
Player coins: 108
Player coins: 147
Player coins: 107
Player coins: 147
Player coins: 106
Player coins: 147
Player coins: 105
Player coins: 147
Player coins: 104
Player coins: 147
Player coins: 103
Player coins: 147
Player coins: 102
Player coins: 147
Player coins: 101
Player coins: 153
Player coins: 100
Player coins: 165
Player coins: 99
Player coins: 165
Player coins: 98
Player coins: 180
Player coins: 97
Player coins: 180
Player coins: 96
Player coins: 180
Player coins: 95
Player coins: 180
Player coins: 94
Player coins: 165
Player coins: 93
Player coins: 180
Player coins: 92
Player coins: 180
Player coins: 91
Player coins: 180
Player coins: 90
Player coins: 180
Player coins: 102
Player coins: 102
Player coins: 104
Player coins: 102
Player coins: 106
Player coins: 102
Player coins: 108
Player coins: 109
Player coins: 110
Player coins: 111
Player coins: 109
Player coins: 150
Player coins: 108
Player coins: 150
Player coins: 107
Player coins: 150
Player coins: 106
Player coins: 150
Player coins: 105
Player coins: 150
Player coins: 104
Player coins: 150
Player coins: 103
Player coins: 150
Player coins: 102
Player coins: 150
Player coins: 101
Player coins: 156
Player coins: 100
Player coins: 168
Player coins: 99
Player coins: 168
Player coins: 98
Player coins: 183
Player coins: 97
Player coins: 183
Player coins: 96
Player coins: 183
Player coins: 95
Player coins: 183
Player coins: 94
Player coins: 168
Player coins: 93
Player coins: 183
Player coins: 92
Player coins: 183
Player coins: 91
Player coins: 183
Player coins: 90
Player coins: 183
Player coins: 104
Player coins: 104
Player coins: 106
Player coins: 104
Player coins: 108
Player coins: 111
Player coins: 110
Player coins: 113
Player coins: 109
Player coins: 153
Player coins: 108
Player coins: 153
Player coins: 107
Player coins: 153
Player coins: 106
Player coins: 153
Player coins: 105
Player coins: 153
Player coins: 104
Player coins: 153
Player coins: 103
Player coins: 153
Player coins: 102
Player coins: 153
Player coins: 101
Player coins: 159
Player coins: 100
Player coins: 171
Player coins: 99
Player coins: 171
Player coins: 98
Player coins: 186
Player coins: 97
Player coins: 186
Player coins: 96
Player coins: 186
Player coins: 95
Player coins: 186
Player coins: 94
Player coins: 171
Player coins: 93
Player coins: 186
Player coins: 92
Player coins: 186
Player coins: 91
Player coins: 186
Player coins: 90
Player coins: 186
Player coins: 106
Player coins: 106
Player coins: 108
Player coins: 113
Player coins: 110
Player coins: 115
Player coins: 109
Player coins: 156
Player coins: 108
Player coins: 156
Player coins: 107
Player coins: 156
Player coins: 106
Player coins: 156
Player coins: 105
Player coins: 156
[...]
after reproductionorg.swiggy.AlwaysCheatPlayer@5cdf39b2
after reproductionorg.swiggy.AlwaysCheatPlayer@28fd3dc1
after reproductionorg.swiggy.AlwaysCheatPlayer@21f9277b
after reproductionorg.swiggy.AlwaysCheatPlayer@26f96b85
after reproductionorg.swiggy.AlwaysCheatPlayer@14f3c6fc
after reproductionorg.swiggy.AlwaysCheatPlayer@3cd59ef5
after reproductionorg.swiggy.AlwaysCheatPlayer@5f9b6ae7
after reproductionorg.swiggy.AlwaysCheatPlayer@108d55c4
after reproductionorg.swiggy.AlwaysCheatPlayer@5432c277
after reproductionorg.swiggy.AlwaysCheatPlayer@15e0fe05
after reproductionorg.swiggy.AlwaysCheatPlayer@149c3204
after reproductionorg.swiggy.AlwaysCheatPlayer@64f16277
after reproductionorg.swiggy.AlwaysCheatPlayer@497aec8c
after reproductionorg.swiggy.AlwaysCheatPlayer@3b9632d1
after reproductionorg.swiggy.AlwaysCheatPlayer@4e6f2bb5
after reproductionorg.swiggy.AlwaysCheatPlayer@72825400
after reproductionorg.swiggy.AlwaysCheatPlayer@19ee1ae6
after reproductionorg.swiggy.AlwaysCheatPlayer@5f117b3d
after reproductionorg.swiggy.AlwaysCheatPlayer@1174a305
after reproductionorg.swiggy.AlwaysCheatPlayer@71b6d77f
31
Round 6
Player coins: 128
Player coins: 171
Player coins: 128
Player coins: 171
Player coins: 128
Player coins: 171
Player coins: 128
Player coins: 171
Player coins: 128
Player coins: 171
Player coins: 128
Player coins: 171
Player coins: 128
Player coins: 177
Player coins: 128
Player coins: 177
Player coins: 128
Player coins: 177
Player coins: 128
Player coins: 189
Player coins: 128
Player coins: 189
Player coins: 128
Player coins: 189
Player coins: 128
Player coins: 204
Player coins: 128
Player coins: 204
Player coins: 128
Player coins: 204
Player coins: 128
Player coins: 204
Player coins: 128
Player coins: 204
Player coins: 128
Player coins: 204
Player coins: 128
Player coins: 204
Player coins: 128
Player coins: 204
Player coins: 128
Player coins: 204
Player coins: 128
Player coins: 204
Player coins: 128
Player coins: 204
Player coins: 128
Player coins: 204
Player coins: 128
Player coins: 204
Player coins: 128
Player coins: 204
Player coins: 128
Player coins: 204
Player coins: 128
Player coins: 204
Player coins: 128
Player coins: 204
Player coins: 128
Player coins: 204
Player coins: 171
Player coins: 171
Player coins: 171
Player coins: 171
Player coins: 171
Player coins: 171
Player coins: 171
Player coins: 171
Player coins: 171
Player coins: 171
Player coins: 171
Player coins: 177
Player coins: 171
Player coins: 177
Player coins: 171
Player coins: 177
Player coins: 171
Player coins: 189
Player coins: 171
Player coins: 189
Player coins: 171
Player coins: 189
Player coins: 171
Player coins: 204
Player coins: 171
Player coins: 204
Player coins: 171
Player coins: 204
Player coins: 171
Player coins: 204
Player coins: 171
Player coins: 204
Player coins: 171
Player coins: 204
Player coins: 171
Player coins: 204
Player coins: 171
Player coins: 204
Player coins: 171
Player coins: 204
Player coins: 171
Player coins: 204
Player coins: 171
Player coins: 204
Player coins: 171
Player coins: 204
Player coins: 171
Player coins: 204
Player coins: 171
Player coins: 204
Player coins: 171
Player coins: 204
Player coins: 171
Player coins: 204
Player coins: 171
Player coins: 204
Player coins: 171
Player coins: 204
Player coins: 171
Player coins: 171
Player coins: 171
Player coins: 171
Player coins: 171
Player coins: 171
Player coins: 171
Player coins: 171
Player coins: 171
Player coins: 177
Player coins: 171
Player coins: 177
Player coins: 171
Player coins: 177
Player coins: 171
Player coins: 189
Player coins: 171
Player coins: 189
Player coins: 171
Player coins: 189
Player coins: 171
Player coins: 204
Player coins: 171
Player coins: 204
Player coins: 171
Player coins: 204
Player coins: 171
Player coins: 204
Player coins: 171
Player coins: 204
Player coins: 171
Player coins: 204
Player coins: 171
Player coins: 204
Player coins: 171
Player coins: 204
Player coins: 171
Player coins: 204
Player coins: 171
Player coins: 204
Player coins: 171
Player coins: 204
Player coins: 171
Player coins: 204
Player coins: 171
Player coins: 204
Player coins: 171
Player coins: 204
Player coins: 171
Player coins: 204
Player coins: 171
Player coins: 204
Player coins: 171
Player coins: 204
Player coins: 171
Player coins: 204
Player coins: 171
Player coins: 171
Player coins: 171
Player coins: 171
Player coins: 171
Player coins: 171
Player coins: 171
Player coins: 177
Player coins: 171
Player coins: 177
Player coins: 171
Player coins: 177
Player coins: 171
Player coins: 189
Player coins: 171
Player coins: 189
Player coins: 171
Player coins: 189
Player coins: 171
Player coins: 204
Player coins: 171
Player coins: 204
Player coins: 171
Player coins: 204
Player coins: 171
Player coins: 204
Player coins: 171
Player coins: 204
Player coins: 171
Player coins: 204
Player coins: 171
Player coins: 204
Player coins: 171
Player coins: 204
Player coins: 171
Player coins: 204
Player coins: 171
Player coins: 204
Player coins: 171
Player coins: 204
Player coins: 171
Player coins: 204
Player coins: 171
Player coins: 204
Player coins: 171
Player coins: 204
Player coins: 171
Player coins: 204
Player coins: 171
Player coins: 204
Player coins: 171
Player coins: 204
Player coins: 171
Player coins: 204
Player coins: 171
Player coins: 171
Player coins: 171
Player coins: 171
Player coins: 171
Player coins: 177
Player coins: 171
Player coins: 177
Player coins: 171
Player coins: 177
Player coins: 171
Player coins: 189
Player coins: 171
Player coins: 189
Player coins: 171
Player coins: 189
Player coins: 171
Player coins: 204
Player coins: 171
Player coins: 204
Player coins: 171
Player coins: 204
Player coins: 171
Player coins: 204
Player coins: 171
Player coins: 204
Player coins: 171
Player coins: 204
Player coins: 171
Player coins: 204
Player coins: 171
Player coins: 204
Player coins: 171
Player coins: 204
Player coins: 171
Player coins: 204
Player coins: 171
Player coins: 204
Player coins: 171
Player coins: 204
Player coins: 171
Player coins: 204
Player coins: 171
Player coins: 204
Player coins: 171
Player coins: 204
Player coins: 171
Player coins: 204
Player coins: 171
Player coins: 204
Player coins: 171
Player coins: 204
Player coins: 171
Player coins: 171
Player coins: 171
Player coins: 177
Player coins: 171
Player coins: 177
Player coins: 171
Player coins: 177
Player coins: 171
Player coins: 189
Player coins: 171
Player coins: 189
Player coins: 171
Player coins: 189
Player coins: 171
Player coins: 204
Player coins: 171
Player coins: 204
Player coins: 171
Player coins: 204
Player coins: 171
Player coins: 204
Player coins: 171
Player coins: 204
Player coins: 171
Player coins: 204
Player coins: 171
Player coins: 204
Player coins: 171
Player coins: 204
Player coins: 171
Player coins: 204
Player coins: 171
Player coins: 204
Player coins: 171
Player coins: 204
Player coins: 171
Player coins: 204
Player coins: 171
Player coins: 204
Player coins: 171
Player coins: 204
Player coins: 171
Player coins: 204
Player coins: 171
Player coins: 204
Player coins: 171
Player coins: 204
Player coins: 171
Player coins: 204
Player coins: 171
Player coins: 177
Player coins: 171
Player coins: 177
Player coins: 171
Player coins: 177
Player coins: 171
Player coins: 189
Player coins: 171
Player coins: 189
Player coins: 171
Player coins: 189
Player coins: 171
Player coins: 204
Player coins: 171
Player coins: 204
Player coins: 171
Player coins: 204
Player coins: 171
Player coins: 204
Player coins: 171
Player coins: 204
Player coins: 171
Player coins: 204
Player coins: 171
Player coins: 204
Player coins: 171
Player coins: 204
Player coins: 171
Player coins: 204
Player coins: 171
Player coins: 204
Player coins: 171
Player coins: 204
Player coins: 171
Player coins: 204
Player coins: 171
Player coins: 204
Player coins: 171
Player coins: 204
Player coins: 171
Player coins: 204
Player coins: 171
Player coins: 204
Player coins: 171
Player coins: 204
Player coins: 171
Player coins: 204
Player coins: 177
Player coins: 177
Player coins: 177
Player coins: 177
Player coins: 177
Player coins: 189
Player coins: 177
Player coins: 189
Player coins: 177
Player coins: 189
Player coins: 177
Player coins: 204
Player coins: 177
Player coins: 204
Player coins: 177
Player coins: 204
Player coins: 177
Player coins: 204
Player coins: 177
Player coins: 204
Player coins: 177
Player coins: 204
Player coins: 177
Player coins: 204
Player coins: 177
Player coins: 204
Player coins: 177
Player coins: 204
Player coins: 177
Player coins: 204
Player coins: 177
Player coins: 204
Player coins: 177
Player coins: 204
Player coins: 177
Player coins: 204
Player coins: 177
Player coins: 204
Player coins: 177
Player coins: 204
Player coins: 177
Player coins: 204
Player coins: 177
Player coins: 204
Player coins: 177
Player coins: 204
Player coins: 177
Player coins: 177
Player coins: 177
Player coins: 189
Player coins: 177
Player coins: 189
Player coins: 177
Player coins: 189
Player coins: 177
Player coins: 204
Player coins: 177
Player coins: 204
Player coins: 177
Player coins: 204
Player coins: 177
Player coins: 204
Player coins: 177
Player coins: 204
Player coins: 177
Player coins: 204
Player coins: 177
Player coins: 204
Player coins: 177
Player coins: 204
Player coins: 177
Player coins: 204
Player coins: 177
Player coins: 204
Player coins: 177
Player coins: 204
Player coins: 177
Player coins: 204
Player coins: 177
Player coins: 204
Player coins: 177
Player coins: 204
Player coins: 177
Player coins: 204
Player coins: 177
Player coins: 204
Player coins: 177
Player coins: 204
Player coins: 177
Player coins: 204
Player coins: 177
Player coins: 189
Player coins: 177
Player coins: 189
Player coins: 177
Player coins: 189
Player coins: 177
Player coins: 204
Player coins: 177
Player coins: 204
Player coins: 177
Player coins: 204
Player coins: 177
Player coins: 204
Player coins: 177
Player coins: 204
Player coins: 177
Player coins: 204
Player coins: 177
Player coins: 204
Player coins: 177
Player coins: 204
Player coins: 177
Player coins: 204
Player coins: 177
Player coins: 204
Player coins: 177
Player coins: 204
Player coins: 177
Player coins: 204
Player coins: 177
Player coins: 204
Player coins: 177
Player coins: 204
Player coins: 177
Player coins: 204
Player coins: 177
Player coins: 204
Player coins: 177
Player coins: 204
Player coins: 177
Player coins: 204
Player coins: 189
Player coins: 189
Player coins: 189
Player coins: 189
Player coins: 189
Player coins: 204
Player coins: 189
Player coins: 204
Player coins: 189
Player coins: 204
Player coins: 189
Player coins: 204
Player coins: 189
Player coins: 204
Player coins: 189
Player coins: 204
Player coins: 189
Player coins: 204
Player coins: 189
Player coins: 204
Player coins: 189
Player coins: 204
Player coins: 189
Player coins: 204
Player coins: 189
Player coins: 204
Player coins: 189
Player coins: 204
Player coins: 189
Player coins: 204
Player coins: 189
Player coins: 204
Player coins: 189
Player coins: 204
Player coins: 189
Player coins: 204
Player coins: 189
Player coins: 204
Player coins: 189
Player coins: 204
Player coins: 189
Player coins: 189
Player coins: 189
Player coins: 204
Player coins: 189
Player coins: 204
Player coins: 189
Player coins: 204
Player coins: 189
Player coins: 204
Player coins: 189
Player coins: 204
Player coins: 189
Player coins: 204
Player coins: 189
Player coins: 204
Player coins: 189
Player coins: 204
Player coins: 189
Player coins: 204
Player coins: 189
Player coins: 204
Player coins: 189
Player coins: 204
Player coins: 189
Player coins: 204
Player coins: 189
Player coins: 204
Player coins: 189
Player coins: 204
Player coins: 189
Player coins: 204
Player coins: 189
Player coins: 204
Player coins: 189
Player coins: 204
Player coins: 189
Player coins: 204
Player coins: 189
Player coins: 204
Player coins: 189
Player coins: 204
Player coins: 189
Player coins: 204
Player coins: 189
Player coins: 204
Player coins: 189
Player coins: 204
Player coins: 189
Player coins: 204
Player coins: 189
Player coins: 204
Player coins: 189
Player coins: 204
Player coins: 189
Player coins: 204
Player coins: 189
Player coins: 204
Player coins: 189
Player coins: 204
Player coins: 189
Player coins: 204
Player coins: 189
Player coins: 204
Player coins: 189
Player coins: 204
Player coins: 189
Player coins: 204
Player coins: 189
Player coins: 204
Player coins: 189
Player coins: 204
Player coins: 189
Player coins: 204
Player coins: 204
Player coins: 204
Player coins: 204
Player coins: 204
Player coins: 204
Player coins: 204
Player coins: 204
Player coins: 204
Player coins: 204
Player coins: 204
Player coins: 204
Player coins: 204
Player coins: 204
Player coins: 204
Player coins: 204
Player coins: 204
Player coins: 204
Player coins: 204
Player coins: 204
Player coins: 204
Player coins: 204
Player coins: 204
Player coins: 204
Player coins: 204
Player coins: 204
Player coins: 204
Player coins: 204
Player coins: 204
Player coins: 204
Player coins: 204
Player coins: 204
Player coins: 204
Player coins: 204
Player coins: 204
Player coins: 204
Player coins: 204
Player coins: 204
Player coins: 204
Player coins: 204
Player coins: 204
Player coins: 204
Player coins: 204
Player coins: 204
Player coins: 204
Player coins: 204
Player coins: 204
Player coins: 204
Player coins: 204
Player coins: 204
Player coins: 204
Player coins: 204
Player coins: 204
Player coins: 204
Player coins: 204
Player coins: 204
Player coins: 204
Player coins: 204
Player coins: 204
Player coins: 204
Player coins: 204
Player coins: 204
Player coins: 204
Player coins: 204
Player coins: 204
Player coins: 204
Player coins: 204
Player coins: 204
Player coins: 204
Player coins: 204
Player coins: 204
Player coins: 204
Player coins: 204
Player coins: 204
Player coins: 204
Player coins: 204
Player coins: 204
Player coins: 204
Player coins: 204
Player coins: 204
Player coins: 204
Player coins: 204
Player coins: 204
Player coins: 204
Player coins: 204
Player coins: 204
Player coins: 204
Player coins: 204
Player coins: 204
Player coins: 204
Player coins: 204
Player coins: 204
Player coins: 204
Player coins: 204
Player coins: 204
Player coins: 204
Player coins: 204
Player coins: 204
Player coins: 204
Player coins: 204
Player coins: 204
Player coins: 204
Player coins: 204
Player coins: 204
Player coins: 204
Player coins: 204
Player coins: 204
Player coins: 204
Player coins: 204
Player coins: 204
Player coins: 204
Player coins: 204
Player coins: 204
Player coins: 204
Player coins: 204
Player coins: 204
Player coins: 204
Player coins: 204
Player coins: 204
Player coins: 204
Player coins: 204
Player coins: 204
Player coins: 204
Player coins: 204
Player coins: 204
Player coins: 204
Player coins: 204
Player coins: 204
Player coins: 204
Player coins: 204
Player coins: 204
Player coins: 204
Player coins: 204
Player coins: 204
Player coins: 204
Player coins: 204
Player coins: 204
Player coins: 204
Player coins: 204
Player coins: 204
Player coins: 204
Player coins: 204
Player coins: 204
Player coins: 204
Player coins: 204
Player coins: 204
Player coins: 204
Player coins: 204
Player coins: 204
Player coins: 204
Player coins: 204
Player coins: 204
Player coins: 204
Player coins: 204
Player coins: 204
Player coins: 204
Player coins: 204
Player coins: 204
Player coins: 204
Player coins: 204
Player coins: 204
Player coins: 204
Player coins: 204
Player coins: 204
Player coins: 204
Player coins: 204
Player coins: 204
Player coins: 204
Player coins: 204
Player coins: 204
Player coins: 204
Player coins: 204
Player coins: 204
Player coins: 204
Player coins: 204
Player coins: 204
Player coins: 204
Player coins: 204
Player coins: 204
Player coins: 204
Player coins: 204
Player coins: 204
Player coins: 204
Player coins: 204
Player coins: 204
Player coins: 204
Player coins: 204
Player coins: 204
Player coins: 204
Player coins: 204
Player coins: 204
Player coins: 204
Player coins: 204
Player coins: 204
Player coins: 204
Player coins: 204
Player coins: 204
Player coins: 204
Player coins: 204
Player coins: 204
Player coins: 204
Player coins: 204
Player coins: 204
Player coins: 204
Player coins: 204
Player coins: 204
Player coins: 204
Player coins: 204
Player coins: 204
Player coins: 204
Player coins: 204
Player coins: 204
Player coins: 204
Player coins: 204
Player coins: 204
Player coins: 204
Player coins: 204
Player coins: 204
Player coins: 204
Player coins: 204
Player coins: 204
Player coins: 204
Player coins: 204
Player coins: 204
Player coins: 204
Player coins: 204
Player coins: 204
Player coins: 204
Player coins: 204
Player coins: 204
Player coins: 204
Player coins: 204
Player coins: 204
Player coins: 204
Player coins: 204
Player coins: 204
Player coins: 204
Player coins: 204
Player coins: 204
Player coins: 204
Player coins: 204
Player coins: 204
Player coins: 204
Player coins: 204
Player coins: 204
Player coins: 204
Player coins: 204
Player coins: 204
Player coins: 204
Player coins: 204
Player coins: 204
Player coins: 204
Player coins: 204
Player coins: 204
Player coins: 204
Player coins: 204
Player coins: 204
Player coins: 204
Player coins: 204
Player coins: 204
Player coins: 204
Player coins: 204
Player coins: 204
Player coins: 204
Player coins: 204
Player coins: 204
Player coins: 204
Player coins: 204
Player coins: 204
Player coins: 204
Player coins: 204
Player coins: 204
Player coins: 204
Player coins: 204
Player coins: 204
Player coins: 204
Player coins: 204
Player coins: 204
Player coins: 204
Player coins: 204
Player coins: 204
Player coins: 204
Player coins: 204
Player coins: 204
Player coins: 204
Player coins: 204
Player coins: 204
Player coins: 204
Player coins: 204
Player coins: 204
Player coins: 204
Player coins: 204
Player coins: 204
Player coins: 204
Player coins: 204
Player coins: 204
Player coins: 204
Player coins: 204
Player coins: 204
Player coins: 204
Player coins: 204
Player coins: 204
Player coins: 204
Player coins: 204
Player coins: 204
Player coins: 204
Player coins: 204
after eliminationorg.swiggy.AlwaysCheatPlayer@6ee8dcd3
after eliminationorg.swiggy.AlwaysCheatPlayer@a20b94b
after eliminationorg.swiggy.AlwaysCheatPlayer@6df7988f
after eliminationorg.swiggy.AlwaysCheatPlayer@54da32dc
after eliminationorg.swiggy.AlwaysCheatPlayer@3a095ec0
after eliminationorg.swiggy.AlwaysCheatPlayer@5d58c727
after eliminationorg.swiggy.AlwaysCheatPlayer@5cdf39b2
after eliminationorg.swiggy.AlwaysCheatPlayer@28fd3dc1
after eliminationorg.swiggy.AlwaysCheatPlayer@21f9277b
after eliminationorg.swiggy.AlwaysCheatPlayer@26f96b85
after eliminationorg.swiggy.AlwaysCheatPlayer@14f3c6fc
after eliminationorg.swiggy.AlwaysCheatPlayer@3cd59ef5
after eliminationorg.swiggy.AlwaysCheatPlayer@5f9b6ae7
after eliminationorg.swiggy.AlwaysCheatPlayer@108d55c4
after eliminationorg.swiggy.AlwaysCheatPlayer@5432c277
after eliminationorg.swiggy.AlwaysCheatPlayer@15e0fe05
after eliminationorg.swiggy.AlwaysCheatPlayer@149c3204
after eliminationorg.swiggy.AlwaysCheatPlayer@64f16277
after eliminationorg.swiggy.AlwaysCheatPlayer@497aec8c
after eliminationorg.swiggy.AlwaysCheatPlayer@3b9632d1
after eliminationorg.swiggy.AlwaysCheatPlayer@4e6f2bb5
after eliminationorg.swiggy.AlwaysCheatPlayer@72825400
after eliminationorg.swiggy.AlwaysCheatPlayer@19ee1ae6
after eliminationorg.swiggy.AlwaysCheatPlayer@5f117b3d
after eliminationorg.swiggy.AlwaysCheatPlayer@1174a305
after eliminationorg.swiggy.AlwaysCheatPlayer@71b6d77f
26
Game stopped as all players are now same. Winner: AlwaysCheatPlayer
Game Over!
]]></system-out>
  <system-err><![CDATA[WARNING: A Java agent has been loaded dynamically (/Users/muskaan.agrawal_ftc/.gradle/caches/modules-2/files-2.1/net.bytebuddy/byte-buddy-agent/1.14.11/f9cb566608fbac6bc7bf54901a7aa11543a989ee/byte-buddy-agent-1.14.11.jar)
WARNING: If a serviceability tool is in use, please run with -XX:+EnableDynamicAgentLoading to hide this warning
WARNING: If a serviceability tool is not in use, please run with -Djdk.instrument.traceUsage for more information
WARNING: Dynamic loading of agents will be disallowed by default in a future release
]]></system-err>
</testsuite>
